[2025-04-02T03:24:00.989+0000] {local_task_job_runner.py:123} INFO - ::group::Pre task execution logs
[2025-04-02T03:24:01.035+0000] {taskinstance.py:2614} INFO - Dependencies all met for dep_context=non-requeueable deps ti=<TaskInstance: etl_dbt_spark_oracle.spark_load_to_oracle manual__2025-04-02T03:22:44.838748+00:00 [queued]>
[2025-04-02T03:24:01.267+0000] {taskinstance.py:2614} INFO - Dependencies all met for dep_context=requeueable deps ti=<TaskInstance: etl_dbt_spark_oracle.spark_load_to_oracle manual__2025-04-02T03:22:44.838748+00:00 [queued]>
[2025-04-02T03:24:01.268+0000] {taskinstance.py:2867} INFO - Starting attempt 1 of 1
[2025-04-02T03:24:01.303+0000] {taskinstance.py:2890} INFO - Executing <Task(BashOperator): spark_load_to_oracle> on 2025-04-02 03:22:44.838748+00:00
[2025-04-02T03:24:01.317+0000] {warnings.py:112} WARNING - /home/***/.local/lib/python3.12/site-packages/***/task/task_runner/standard_task_runner.py:70: DeprecationWarning: This process (pid=2121) is multi-threaded, use of fork() may lead to deadlocks in the child.
  pid = os.fork()

[2025-04-02T03:24:01.320+0000] {standard_task_runner.py:72} INFO - Started process 2123 to run task
[2025-04-02T03:24:01.321+0000] {standard_task_runner.py:104} INFO - Running: ['***', 'tasks', 'run', 'etl_dbt_spark_oracle', 'spark_load_to_oracle', 'manual__2025-04-02T03:22:44.838748+00:00', '--job-id', '15', '--raw', '--subdir', 'DAGS_FOLDER/dbt-spark-oracle.py', '--cfg-path', '/tmp/tmp56cny2nw']
[2025-04-02T03:24:01.326+0000] {standard_task_runner.py:105} INFO - Job 15: Subtask spark_load_to_oracle
[2025-04-02T03:24:01.409+0000] {task_command.py:467} INFO - Running <TaskInstance: etl_dbt_spark_oracle.spark_load_to_oracle manual__2025-04-02T03:22:44.838748+00:00 [running]> on host 662a32a4f576
[2025-04-02T03:24:01.556+0000] {taskinstance.py:3134} INFO - Exporting env vars: AIRFLOW_CTX_DAG_OWNER='***' AIRFLOW_CTX_DAG_ID='etl_dbt_spark_oracle' AIRFLOW_CTX_TASK_ID='spark_load_to_oracle' AIRFLOW_CTX_EXECUTION_DATE='2025-04-02T03:22:44.838748+00:00' AIRFLOW_CTX_TRY_NUMBER='1' AIRFLOW_CTX_DAG_RUN_ID='manual__2025-04-02T03:22:44.838748+00:00'
[2025-04-02T03:24:01.559+0000] {logging_mixin.py:190} INFO - Task instance is in running state
[2025-04-02T03:24:01.559+0000] {logging_mixin.py:190} INFO -  Previous state of the Task instance: queued
[2025-04-02T03:24:01.560+0000] {logging_mixin.py:190} INFO - Current task name:spark_load_to_oracle state:running start_date:2025-04-02 03:24:01.036587+00:00
[2025-04-02T03:24:01.561+0000] {logging_mixin.py:190} INFO - Dag name:etl_dbt_spark_oracle and current dag run status:running
[2025-04-02T03:24:01.562+0000] {taskinstance.py:732} INFO - ::endgroup::
[2025-04-02T03:24:01.565+0000] {subprocess.py:78} INFO - Tmp dir root location: /tmp
[2025-04-02T03:24:01.567+0000] {subprocess.py:88} INFO - Running command: ['/usr/bin/bash', '-c', 'cd /opt/spark && /opt/spark/sbin/stop-thriftserver.sh && spark-submit /spark/etl_to_oracle.py']
[2025-04-02T03:24:01.587+0000] {subprocess.py:99} INFO - Output:
[2025-04-02T03:24:01.611+0000] {subprocess.py:106} INFO - /opt/spark/bin/load-spark-env.sh: line 68: ps: command not found
[2025-04-02T03:24:01.629+0000] {subprocess.py:106} INFO - /opt/spark/sbin/spark-daemon.sh: line 214: ps: command not found
[2025-04-02T03:24:01.630+0000] {subprocess.py:106} INFO - no org.apache.spark.sql.hive.thriftserver.HiveThriftServer2 to stop
[2025-04-02T03:24:01.643+0000] {subprocess.py:106} INFO - /opt/spark/bin/load-spark-env.sh: line 68: ps: command not found
[2025-04-02T03:24:08.210+0000] {subprocess.py:106} INFO - 25/04/02 03:24:08 INFO SparkContext: Running Spark version 3.5.5
[2025-04-02T03:24:08.212+0000] {subprocess.py:106} INFO - 25/04/02 03:24:08 INFO SparkContext: OS info Linux, 6.12.5-linuxkit, amd64
[2025-04-02T03:24:08.214+0000] {subprocess.py:106} INFO - 25/04/02 03:24:08 INFO SparkContext: Java version 21
[2025-04-02T03:24:08.357+0000] {subprocess.py:106} INFO - 25/04/02 03:24:08 WARN NativeCodeLoader: Unable to load native-hadoop library for your platform... using builtin-java classes where applicable
[2025-04-02T03:24:08.536+0000] {subprocess.py:106} INFO - 25/04/02 03:24:08 INFO ResourceUtils: ==============================================================
[2025-04-02T03:24:08.537+0000] {subprocess.py:106} INFO - 25/04/02 03:24:08 INFO ResourceUtils: No custom resources configured for spark.driver.
[2025-04-02T03:24:08.538+0000] {subprocess.py:106} INFO - 25/04/02 03:24:08 INFO ResourceUtils: ==============================================================
[2025-04-02T03:24:08.542+0000] {subprocess.py:106} INFO - 25/04/02 03:24:08 INFO SparkContext: Submitted application: ETL Spark to Oracle
[2025-04-02T03:24:08.580+0000] {subprocess.py:106} INFO - 25/04/02 03:24:08 INFO ResourceProfile: Default ResourceProfile created, executor resources: Map(cores -> name: cores, amount: 1, script: , vendor: , memory -> name: memory, amount: 1024, script: , vendor: , offHeap -> name: offHeap, amount: 0, script: , vendor: ), task resources: Map(cpus -> name: cpus, amount: 1.0)
[2025-04-02T03:24:08.594+0000] {subprocess.py:106} INFO - 25/04/02 03:24:08 INFO ResourceProfile: Limiting resource is cpu
[2025-04-02T03:24:08.595+0000] {subprocess.py:106} INFO - 25/04/02 03:24:08 INFO ResourceProfileManager: Added ResourceProfile id: 0
[2025-04-02T03:24:08.693+0000] {subprocess.py:106} INFO - 25/04/02 03:24:08 INFO SecurityManager: Changing view acls to: ***
[2025-04-02T03:24:08.694+0000] {subprocess.py:106} INFO - 25/04/02 03:24:08 INFO SecurityManager: Changing modify acls to: ***
[2025-04-02T03:24:08.695+0000] {subprocess.py:106} INFO - 25/04/02 03:24:08 INFO SecurityManager: Changing view acls groups to:
[2025-04-02T03:24:08.697+0000] {subprocess.py:106} INFO - 25/04/02 03:24:08 INFO SecurityManager: Changing modify acls groups to:
[2025-04-02T03:24:08.698+0000] {subprocess.py:106} INFO - 25/04/02 03:24:08 INFO SecurityManager: SecurityManager: authentication disabled; ui acls disabled; users with view permissions: ***; groups with view permissions: EMPTY; users with modify permissions: ***; groups with modify permissions: EMPTY
[2025-04-02T03:24:09.116+0000] {subprocess.py:106} INFO - 25/04/02 03:24:09 INFO Utils: Successfully started service 'sparkDriver' on port 40039.
[2025-04-02T03:24:09.178+0000] {subprocess.py:106} INFO - 25/04/02 03:24:09 INFO SparkEnv: Registering MapOutputTracker
[2025-04-02T03:24:09.246+0000] {subprocess.py:106} INFO - 25/04/02 03:24:09 INFO SparkEnv: Registering BlockManagerMaster
[2025-04-02T03:24:09.276+0000] {subprocess.py:106} INFO - 25/04/02 03:24:09 INFO BlockManagerMasterEndpoint: Using org.apache.spark.storage.DefaultTopologyMapper for getting topology information
[2025-04-02T03:24:09.277+0000] {subprocess.py:106} INFO - 25/04/02 03:24:09 INFO BlockManagerMasterEndpoint: BlockManagerMasterEndpoint up
[2025-04-02T03:24:09.284+0000] {subprocess.py:106} INFO - 25/04/02 03:24:09 INFO SparkEnv: Registering BlockManagerMasterHeartbeat
[2025-04-02T03:24:09.318+0000] {subprocess.py:106} INFO - 25/04/02 03:24:09 INFO DiskBlockManager: Created local directory at /tmp/blockmgr-ec5bee06-edb6-4b09-8132-d1ef5b5c01f3
[2025-04-02T03:24:09.348+0000] {subprocess.py:106} INFO - 25/04/02 03:24:09 INFO MemoryStore: MemoryStore started with capacity 434.4 MiB
[2025-04-02T03:24:09.372+0000] {subprocess.py:106} INFO - 25/04/02 03:24:09 INFO SparkEnv: Registering OutputCommitCoordinator
[2025-04-02T03:24:09.592+0000] {subprocess.py:106} INFO - 25/04/02 03:24:09 INFO JettyUtils: Start Jetty 0.0.0.0:4040 for SparkUI
[2025-04-02T03:24:09.732+0000] {subprocess.py:106} INFO - 25/04/02 03:24:09 INFO Utils: Successfully started service 'SparkUI' on port 4040.
[2025-04-02T03:24:09.817+0000] {subprocess.py:106} INFO - 25/04/02 03:24:09 INFO SparkContext: Added JAR /opt/spark/jars/ojdbc17.jar at spark://662a32a4f576:40039/jars/ojdbc17.jar with timestamp 1743564248181
[2025-04-02T03:24:09.940+0000] {subprocess.py:106} INFO - 25/04/02 03:24:09 INFO Executor: Starting executor ID driver on host 662a32a4f576
[2025-04-02T03:24:09.941+0000] {subprocess.py:106} INFO - 25/04/02 03:24:09 INFO Executor: OS info Linux, 6.12.5-linuxkit, amd64
[2025-04-02T03:24:09.943+0000] {subprocess.py:106} INFO - 25/04/02 03:24:09 INFO Executor: Java version 21
[2025-04-02T03:24:09.956+0000] {subprocess.py:106} INFO - 25/04/02 03:24:09 INFO Executor: Starting executor with user classpath (userClassPathFirst = false): ''
[2025-04-02T03:24:09.957+0000] {subprocess.py:106} INFO - 25/04/02 03:24:09 INFO Executor: Created or updated repl class loader org.apache.spark.util.MutableURLClassLoader@509b60c1 for default.
[2025-04-02T03:24:09.976+0000] {subprocess.py:106} INFO - 25/04/02 03:24:09 INFO Executor: Fetching spark://662a32a4f576:40039/jars/ojdbc17.jar with timestamp 1743564248181
[2025-04-02T03:24:10.044+0000] {subprocess.py:106} INFO - 25/04/02 03:24:10 INFO TransportClientFactory: Successfully created connection to 662a32a4f576/172.18.0.5:40039 after 34 ms (0 ms spent in bootstraps)
[2025-04-02T03:24:10.053+0000] {subprocess.py:106} INFO - 25/04/02 03:24:10 INFO Utils: Fetching spark://662a32a4f576:40039/jars/ojdbc17.jar to /tmp/spark-c2a3fe13-54fa-4f3c-8185-8fe0b427ff58/userFiles-c800a74d-4723-48c6-ba22-5fd38ff50e91/fetchFileTemp7401246360659256527.tmp
[2025-04-02T03:24:10.138+0000] {subprocess.py:106} INFO - 25/04/02 03:24:10 INFO Executor: Adding file:/tmp/spark-c2a3fe13-54fa-4f3c-8185-8fe0b427ff58/userFiles-c800a74d-4723-48c6-ba22-5fd38ff50e91/ojdbc17.jar to class loader default
[2025-04-02T03:24:10.155+0000] {subprocess.py:106} INFO - 25/04/02 03:24:10 INFO Utils: Successfully started service 'org.apache.spark.network.netty.NettyBlockTransferService' on port 43051.
[2025-04-02T03:24:10.156+0000] {subprocess.py:106} INFO - 25/04/02 03:24:10 INFO NettyBlockTransferService: Server created on 662a32a4f576:43051
[2025-04-02T03:24:10.159+0000] {subprocess.py:106} INFO - 25/04/02 03:24:10 INFO BlockManager: Using org.apache.spark.storage.RandomBlockReplicationPolicy for block replication policy
[2025-04-02T03:24:10.169+0000] {subprocess.py:106} INFO - 25/04/02 03:24:10 INFO BlockManagerMaster: Registering BlockManager BlockManagerId(driver, 662a32a4f576, 43051, None)
[2025-04-02T03:24:10.175+0000] {subprocess.py:106} INFO - 25/04/02 03:24:10 INFO BlockManagerMasterEndpoint: Registering block manager 662a32a4f576:43051 with 434.4 MiB RAM, BlockManagerId(driver, 662a32a4f576, 43051, None)
[2025-04-02T03:24:10.178+0000] {subprocess.py:106} INFO - 25/04/02 03:24:10 INFO BlockManagerMaster: Registered BlockManager BlockManagerId(driver, 662a32a4f576, 43051, None)
[2025-04-02T03:24:10.180+0000] {subprocess.py:106} INFO - 25/04/02 03:24:10 INFO BlockManager: Initialized BlockManager: BlockManagerId(driver, 662a32a4f576, 43051, None)
[2025-04-02T03:24:10.883+0000] {subprocess.py:106} INFO - Processing table default.transformed_data to METADATA.TEST
[2025-04-02T03:24:10.986+0000] {subprocess.py:106} INFO - 25/04/02 03:24:10 INFO SharedState: Setting hive.metastore.warehouse.dir ('null') to the value of spark.sql.warehouse.dir.
[2025-04-02T03:24:11.004+0000] {subprocess.py:106} INFO - 25/04/02 03:24:11 INFO SharedState: Warehouse path is 'file:/opt/spark/spark-warehouse'.
[2025-04-02T03:24:12.835+0000] {subprocess.py:106} INFO - 25/04/02 03:24:12 INFO HiveConf: Found configuration file null
[2025-04-02T03:24:12.854+0000] {subprocess.py:106} INFO - 25/04/02 03:24:12 INFO HiveUtils: Initializing HiveMetastoreConnection version 2.3.9 using Spark classes.
[2025-04-02T03:24:13.219+0000] {subprocess.py:106} INFO - 25/04/02 03:24:13 INFO HiveClientImpl: Warehouse location for Hive client (version 2.3.9) is file:/opt/spark/spark-warehouse
[2025-04-02T03:24:13.444+0000] {subprocess.py:106} INFO - 25/04/02 03:24:13 WARN HiveConf: HiveConf of name hive.stats.jdbc.timeout does not exist
[2025-04-02T03:24:13.446+0000] {subprocess.py:106} INFO - 25/04/02 03:24:13 WARN HiveConf: HiveConf of name hive.stats.retries.wait does not exist
[2025-04-02T03:24:13.447+0000] {subprocess.py:106} INFO - 25/04/02 03:24:13 INFO HiveMetaStore: 0: Opening raw store with implementation class:org.apache.hadoop.hive.metastore.ObjectStore
[2025-04-02T03:24:13.503+0000] {subprocess.py:106} INFO - 25/04/02 03:24:13 INFO ObjectStore: ObjectStore, initialize called
[2025-04-02T03:24:13.704+0000] {subprocess.py:106} INFO - 25/04/02 03:24:13 INFO Persistence: Property hive.metastore.integral.jdo.pushdown unknown - will be ignored
[2025-04-02T03:24:13.705+0000] {subprocess.py:106} INFO - 25/04/02 03:24:13 INFO Persistence: Property datanucleus.cache.level2 unknown - will be ignored
[2025-04-02T03:24:15.688+0000] {subprocess.py:106} INFO - 25/04/02 03:24:15 INFO ObjectStore: Setting MetaStore object pin classes with hive.metastore.cache.pinobjtypes="Table,StorageDescriptor,SerDeInfo,Partition,Database,Type,FieldSchema,Order"
[2025-04-02T03:24:16.772+0000] {subprocess.py:106} INFO - 25/04/02 03:24:16 INFO MetaStoreDirectSql: Using direct SQL, underlying DB is DERBY
[2025-04-02T03:24:16.775+0000] {subprocess.py:106} INFO - 25/04/02 03:24:16 INFO ObjectStore: Initialized ObjectStore
[2025-04-02T03:24:16.831+0000] {subprocess.py:106} INFO - 25/04/02 03:24:16 WARN ObjectStore: Version information not found in metastore. hive.metastore.schema.verification is not enabled so recording the schema version 2.3.0
[2025-04-02T03:24:16.832+0000] {subprocess.py:106} INFO - 25/04/02 03:24:16 WARN ObjectStore: setMetaStoreSchemaVersion called but recording version is disabled: version = 2.3.0, comment = Set by MetaStore UNKNOWN@172.18.0.5
[2025-04-02T03:24:16.949+0000] {subprocess.py:106} INFO - 25/04/02 03:24:16 INFO HiveMetaStore: Added admin role in metastore
[2025-04-02T03:24:16.953+0000] {subprocess.py:106} INFO - 25/04/02 03:24:16 INFO HiveMetaStore: Added public role in metastore
[2025-04-02T03:24:17.017+0000] {subprocess.py:106} INFO - 25/04/02 03:24:17 INFO HiveMetaStore: No user is added in admin role, since config is empty
[2025-04-02T03:24:17.064+0000] {subprocess.py:106} INFO - 25/04/02 03:24:17 INFO HiveMetaStore: 0: get_database: default
[2025-04-02T03:24:17.067+0000] {subprocess.py:106} INFO - 25/04/02 03:24:17 INFO audit: ugi=***	ip=unknown-ip-addr	cmd=get_database: default
[2025-04-02T03:24:17.073+0000] {subprocess.py:106} INFO - 25/04/02 03:24:17 INFO HiveMetaStore: 0: get_database: global_temp
[2025-04-02T03:24:17.074+0000] {subprocess.py:106} INFO - 25/04/02 03:24:17 INFO audit: ugi=***	ip=unknown-ip-addr	cmd=get_database: global_temp
[2025-04-02T03:24:17.076+0000] {subprocess.py:106} INFO - 25/04/02 03:24:17 WARN ObjectStore: Failed to get database global_temp, returning NoSuchObjectException
[2025-04-02T03:24:17.664+0000] {subprocess.py:106} INFO - 25/04/02 03:24:17 INFO HiveMetaStore: 0: get_database: default
[2025-04-02T03:24:17.666+0000] {subprocess.py:106} INFO - 25/04/02 03:24:17 INFO audit: ugi=***	ip=unknown-ip-addr	cmd=get_database: default
[2025-04-02T03:24:17.671+0000] {subprocess.py:106} INFO - 25/04/02 03:24:17 INFO HiveMetaStore: 0: get_table : db=default tbl=transformed_data
[2025-04-02T03:24:17.672+0000] {subprocess.py:106} INFO - 25/04/02 03:24:17 INFO audit: ugi=***	ip=unknown-ip-addr	cmd=get_table : db=default tbl=transformed_data
[2025-04-02T03:24:18.020+0000] {subprocess.py:106} INFO - 25/04/02 03:24:18 INFO HiveMetaStore: 0: get_table : db=default tbl=transformed_data
[2025-04-02T03:24:18.021+0000] {subprocess.py:106} INFO - 25/04/02 03:24:18 INFO audit: ugi=***	ip=unknown-ip-addr	cmd=get_table : db=default tbl=transformed_data
[2025-04-02T03:24:20.788+0000] {subprocess.py:106} INFO - 25/04/02 03:24:20 INFO SQLStdHiveAccessController: Created SQLStdHiveAccessController for session context : HiveAuthzSessionContext [sessionString=bd3edcbb-4b4a-4eea-88fd-146bf4590409, clientType=HIVECLI]
[2025-04-02T03:24:20.793+0000] {subprocess.py:106} INFO - 25/04/02 03:24:20 WARN SessionState: METASTORE_FILTER_HOOK will be ignored, since hive.security.authorization.manager is set to instance of HiveAuthorizerFactory.
[2025-04-02T03:24:20.794+0000] {subprocess.py:106} INFO - 25/04/02 03:24:20 INFO metastore: Mestastore configuration hive.metastore.filter.hook changed from org.apache.hadoop.hive.metastore.DefaultMetaStoreFilterHookImpl to org.apache.hadoop.hive.ql.security.authorization.plugin.AuthorizationMetaStoreFilterHook
[2025-04-02T03:24:20.796+0000] {subprocess.py:106} INFO - 25/04/02 03:24:20 INFO HiveMetaStore: 0: Cleaning up thread local RawStore...
[2025-04-02T03:24:20.801+0000] {subprocess.py:106} INFO - 25/04/02 03:24:20 INFO audit: ugi=***	ip=unknown-ip-addr	cmd=Cleaning up thread local RawStore...
[2025-04-02T03:24:20.802+0000] {subprocess.py:106} INFO - 25/04/02 03:24:20 INFO HiveMetaStore: 0: Done cleaning up thread local RawStore
[2025-04-02T03:24:20.803+0000] {subprocess.py:106} INFO - 25/04/02 03:24:20 INFO audit: ugi=***	ip=unknown-ip-addr	cmd=Done cleaning up thread local RawStore
[2025-04-02T03:24:21.089+0000] {subprocess.py:106} INFO - 25/04/02 03:24:21 INFO MemoryStore: Block broadcast_0 stored as values in memory (estimated size 200.6 KiB, free 434.2 MiB)
[2025-04-02T03:24:21.162+0000] {subprocess.py:106} INFO - 25/04/02 03:24:21 INFO MemoryStore: Block broadcast_0_piece0 stored as bytes in memory (estimated size 34.6 KiB, free 434.2 MiB)
[2025-04-02T03:24:21.167+0000] {subprocess.py:106} INFO - 25/04/02 03:24:21 INFO BlockManagerInfo: Added broadcast_0_piece0 in memory on 662a32a4f576:43051 (size: 34.6 KiB, free: 434.4 MiB)
[2025-04-02T03:24:21.173+0000] {subprocess.py:106} INFO - 25/04/02 03:24:21 INFO SparkContext: Created broadcast 0 from
[2025-04-02T03:24:21.477+0000] {subprocess.py:106} INFO - 25/04/02 03:24:21 INFO FileInputFormat: Total input files to process : 3
[2025-04-02T03:24:21.558+0000] {subprocess.py:106} INFO - 25/04/02 03:24:21 INFO SparkContext: Starting job: jdbc at NativeMethodAccessorImpl.java:0
[2025-04-02T03:24:21.587+0000] {subprocess.py:106} INFO - 25/04/02 03:24:21 INFO DAGScheduler: Got job 0 (jdbc at NativeMethodAccessorImpl.java:0) with 3 output partitions
[2025-04-02T03:24:21.588+0000] {subprocess.py:106} INFO - 25/04/02 03:24:21 INFO DAGScheduler: Final stage: ResultStage 0 (jdbc at NativeMethodAccessorImpl.java:0)
[2025-04-02T03:24:21.589+0000] {subprocess.py:106} INFO - 25/04/02 03:24:21 INFO DAGScheduler: Parents of final stage: List()
[2025-04-02T03:24:21.591+0000] {subprocess.py:106} INFO - 25/04/02 03:24:21 INFO DAGScheduler: Missing parents: List()
[2025-04-02T03:24:21.598+0000] {subprocess.py:106} INFO - 25/04/02 03:24:21 INFO DAGScheduler: Submitting ResultStage 0 (MapPartitionsRDD[6] at jdbc at NativeMethodAccessorImpl.java:0), which has no missing parents
[2025-04-02T03:24:21.763+0000] {subprocess.py:106} INFO - 25/04/02 03:24:21 INFO MemoryStore: Block broadcast_1 stored as values in memory (estimated size 29.3 KiB, free 434.1 MiB)
[2025-04-02T03:24:21.782+0000] {subprocess.py:106} INFO - 25/04/02 03:24:21 INFO MemoryStore: Block broadcast_1_piece0 stored as bytes in memory (estimated size 13.9 KiB, free 434.1 MiB)
[2025-04-02T03:24:21.784+0000] {subprocess.py:106} INFO - 25/04/02 03:24:21 INFO BlockManagerInfo: Added broadcast_1_piece0 in memory on 662a32a4f576:43051 (size: 13.9 KiB, free: 434.4 MiB)
[2025-04-02T03:24:21.786+0000] {subprocess.py:106} INFO - 25/04/02 03:24:21 INFO SparkContext: Created broadcast 1 from broadcast at DAGScheduler.scala:1585
[2025-04-02T03:24:21.818+0000] {subprocess.py:106} INFO - 25/04/02 03:24:21 INFO DAGScheduler: Submitting 3 missing tasks from ResultStage 0 (MapPartitionsRDD[6] at jdbc at NativeMethodAccessorImpl.java:0) (first 15 tasks are for partitions Vector(0, 1, 2))
[2025-04-02T03:24:21.821+0000] {subprocess.py:106} INFO - 25/04/02 03:24:21 INFO TaskSchedulerImpl: Adding task set 0.0 with 3 tasks resource profile 0
[2025-04-02T03:24:21.917+0000] {subprocess.py:106} INFO - 25/04/02 03:24:21 INFO TaskSetManager: Starting task 0.0 in stage 0.0 (TID 0) (662a32a4f576, executor driver, partition 0, PROCESS_LOCAL, 9298 bytes)
[2025-04-02T03:24:21.924+0000] {subprocess.py:106} INFO - 25/04/02 03:24:21 INFO TaskSetManager: Starting task 1.0 in stage 0.0 (TID 1) (662a32a4f576, executor driver, partition 1, PROCESS_LOCAL, 9298 bytes)
[2025-04-02T03:24:21.926+0000] {subprocess.py:106} INFO - 25/04/02 03:24:21 INFO TaskSetManager: Starting task 2.0 in stage 0.0 (TID 2) (662a32a4f576, executor driver, partition 2, PROCESS_LOCAL, 9298 bytes)
[2025-04-02T03:24:21.951+0000] {subprocess.py:106} INFO - 25/04/02 03:24:21 INFO Executor: Running task 2.0 in stage 0.0 (TID 2)
[2025-04-02T03:24:21.953+0000] {subprocess.py:106} INFO - 25/04/02 03:24:21 INFO Executor: Running task 0.0 in stage 0.0 (TID 0)
[2025-04-02T03:24:21.954+0000] {subprocess.py:106} INFO - 25/04/02 03:24:21 INFO Executor: Running task 1.0 in stage 0.0 (TID 1)
[2025-04-02T03:24:22.155+0000] {subprocess.py:106} INFO - 25/04/02 03:24:22 INFO HadoopRDD: Input split: file:/dbt/dbt-spark-project/spark-warehouse/transformed_data/part-00002-5ac3fd0e-a290-4de6-ba04-8b98d100114f-c000:0+13
[2025-04-02T03:24:22.158+0000] {subprocess.py:106} INFO - 25/04/02 03:24:22 INFO HadoopRDD: Input split: file:/dbt/dbt-spark-project/spark-warehouse/transformed_data/part-00001-5ac3fd0e-a290-4de6-ba04-8b98d100114f-c000:0+11
[2025-04-02T03:24:22.160+0000] {subprocess.py:106} INFO - 25/04/02 03:24:22 INFO HadoopRDD: Input split: file:/dbt/dbt-spark-project/spark-warehouse/transformed_data/part-00000-5ac3fd0e-a290-4de6-ba04-8b98d100114f-c000:0+9
[2025-04-02T03:24:22.734+0000] {subprocess.py:106} INFO - 25/04/02 03:24:22 INFO CodeGenerator: Code generated in 394.224122 ms
[2025-04-02T03:24:24.682+0000] {subprocess.py:106} INFO - 25/04/02 03:24:24 INFO CodeGenerator: Code generated in 37.624824 ms
[2025-04-02T03:24:24.796+0000] {subprocess.py:106} INFO - 25/04/02 03:24:24 WARN GarbageCollectionMetrics: To enable non-built-in garbage collector(s) List(G1 Concurrent GC), users should configure it(them) to spark.eventLog.gcMetrics.youngGenerationGarbageCollectors or spark.eventLog.gcMetrics.oldGenerationGarbageCollectors
[2025-04-02T03:24:24.939+0000] {subprocess.py:106} INFO - 25/04/02 03:24:24 WARN JdbcUtils: Requested isolation level 1 is not supported; falling back to default isolation level 2
[2025-04-02T03:24:24.945+0000] {subprocess.py:106} INFO - 25/04/02 03:24:24 WARN JdbcUtils: Requested isolation level 1 is not supported; falling back to default isolation level 2
[2025-04-02T03:24:24.949+0000] {subprocess.py:106} INFO - 25/04/02 03:24:24 WARN JdbcUtils: Requested isolation level 1 is not supported; falling back to default isolation level 2
[2025-04-02T03:24:25.049+0000] {subprocess.py:106} INFO - 25/04/02 03:24:25 INFO Executor: Finished task 1.0 in stage 0.0 (TID 1). 1330 bytes result sent to driver
[2025-04-02T03:24:25.051+0000] {subprocess.py:106} INFO - 25/04/02 03:24:25 INFO Executor: Finished task 0.0 in stage 0.0 (TID 0). 1330 bytes result sent to driver
[2025-04-02T03:24:25.053+0000] {subprocess.py:106} INFO - 25/04/02 03:24:25 INFO Executor: Finished task 2.0 in stage 0.0 (TID 2). 1330 bytes result sent to driver
[2025-04-02T03:24:25.068+0000] {subprocess.py:106} INFO - 25/04/02 03:24:25 INFO TaskSetManager: Finished task 2.0 in stage 0.0 (TID 2) in 3141 ms on 662a32a4f576 (executor driver) (1/3)
[2025-04-02T03:24:25.071+0000] {subprocess.py:106} INFO - 25/04/02 03:24:25 INFO TaskSetManager: Finished task 1.0 in stage 0.0 (TID 1) in 3147 ms on 662a32a4f576 (executor driver) (2/3)
[2025-04-02T03:24:25.075+0000] {subprocess.py:106} INFO - 25/04/02 03:24:25 INFO TaskSetManager: Finished task 0.0 in stage 0.0 (TID 0) in 3182 ms on 662a32a4f576 (executor driver) (3/3)
[2025-04-02T03:24:25.077+0000] {subprocess.py:106} INFO - 25/04/02 03:24:25 INFO TaskSchedulerImpl: Removed TaskSet 0.0, whose tasks have all completed, from pool
[2025-04-02T03:24:25.082+0000] {subprocess.py:106} INFO - 25/04/02 03:24:25 INFO DAGScheduler: ResultStage 0 (jdbc at NativeMethodAccessorImpl.java:0) finished in 3.444 s
[2025-04-02T03:24:25.102+0000] {subprocess.py:106} INFO - 25/04/02 03:24:25 INFO DAGScheduler: Job 0 is finished. Cancelling potential speculative or zombie tasks for this job
[2025-04-02T03:24:25.103+0000] {subprocess.py:106} INFO - 25/04/02 03:24:25 INFO TaskSchedulerImpl: Killing all running tasks in stage 0: Stage finished
[2025-04-02T03:24:25.107+0000] {subprocess.py:106} INFO - 25/04/02 03:24:25 INFO DAGScheduler: Job 0 finished: jdbc at NativeMethodAccessorImpl.java:0, took 3.548533 s
[2025-04-02T03:24:25.262+0000] {subprocess.py:106} INFO - Data successfully written to METADATA.TEST
[2025-04-02T03:24:25.309+0000] {subprocess.py:106} INFO - 25/04/02 03:24:25 INFO HiveMetaStore: 0: get_database: default
[2025-04-02T03:24:25.310+0000] {subprocess.py:106} INFO - 25/04/02 03:24:25 INFO audit: ugi=***	ip=unknown-ip-addr	cmd=get_database: default
[2025-04-02T03:24:25.339+0000] {subprocess.py:106} INFO - 25/04/02 03:24:25 WARN HiveConf: HiveConf of name hive.internal.ss.authz.settings.applied.marker does not exist
[2025-04-02T03:24:25.343+0000] {subprocess.py:106} INFO - 25/04/02 03:24:25 WARN HiveConf: HiveConf of name hive.stats.jdbc.timeout does not exist
[2025-04-02T03:24:25.346+0000] {subprocess.py:106} INFO - 25/04/02 03:24:25 WARN HiveConf: HiveConf of name hive.stats.retries.wait does not exist
[2025-04-02T03:24:25.347+0000] {subprocess.py:106} INFO - 25/04/02 03:24:25 INFO HiveMetaStore: 0: Opening raw store with implementation class:org.apache.hadoop.hive.metastore.ObjectStore
[2025-04-02T03:24:25.349+0000] {subprocess.py:106} INFO - 25/04/02 03:24:25 INFO ObjectStore: ObjectStore, initialize called
[2025-04-02T03:24:25.356+0000] {subprocess.py:106} INFO - 25/04/02 03:24:25 INFO MetaStoreDirectSql: Using direct SQL, underlying DB is DERBY
[2025-04-02T03:24:25.358+0000] {subprocess.py:106} INFO - 25/04/02 03:24:25 INFO ObjectStore: Initialized ObjectStore
[2025-04-02T03:24:25.363+0000] {subprocess.py:106} INFO - 25/04/02 03:24:25 INFO HiveMetaStore: 0: get_table : db=default tbl=transformed_data
[2025-04-02T03:24:25.365+0000] {subprocess.py:106} INFO - 25/04/02 03:24:25 INFO audit: ugi=***	ip=unknown-ip-addr	cmd=get_table : db=default tbl=transformed_data
[2025-04-02T03:24:25.402+0000] {subprocess.py:106} INFO - 25/04/02 03:24:25 INFO HiveMetaStore: 0: get_table : db=default tbl=transformed_data
[2025-04-02T03:24:25.404+0000] {subprocess.py:106} INFO - 25/04/02 03:24:25 INFO audit: ugi=***	ip=unknown-ip-addr	cmd=get_table : db=default tbl=transformed_data
[2025-04-02T03:24:25.443+0000] {subprocess.py:106} INFO - 25/04/02 03:24:25 INFO HiveMetaStore: 0: get_database: default
[2025-04-02T03:24:25.445+0000] {subprocess.py:106} INFO - 25/04/02 03:24:25 INFO audit: ugi=***	ip=unknown-ip-addr	cmd=get_database: default
[2025-04-02T03:24:25.448+0000] {subprocess.py:106} INFO - 25/04/02 03:24:25 INFO HiveMetaStore: 0: get_table : db=default tbl=transformed_data
[2025-04-02T03:24:25.450+0000] {subprocess.py:106} INFO - 25/04/02 03:24:25 INFO audit: ugi=***	ip=unknown-ip-addr	cmd=get_table : db=default tbl=transformed_data
[2025-04-02T03:24:25.477+0000] {subprocess.py:106} INFO - 25/04/02 03:24:25 INFO HiveMetaStore: 0: get_table : db=default tbl=transformed_data
[2025-04-02T03:24:25.478+0000] {subprocess.py:106} INFO - 25/04/02 03:24:25 INFO audit: ugi=***	ip=unknown-ip-addr	cmd=get_table : db=default tbl=transformed_data
[2025-04-02T03:24:25.506+0000] {subprocess.py:106} INFO - 25/04/02 03:24:25 INFO HiveMetaStore: 0: get_database: default
[2025-04-02T03:24:25.507+0000] {subprocess.py:106} INFO - 25/04/02 03:24:25 INFO audit: ugi=***	ip=unknown-ip-addr	cmd=get_database: default
[2025-04-02T03:24:25.510+0000] {subprocess.py:106} INFO - 25/04/02 03:24:25 INFO HiveMetaStore: 0: get_table : db=default tbl=transformed_data
[2025-04-02T03:24:25.511+0000] {subprocess.py:106} INFO - 25/04/02 03:24:25 INFO audit: ugi=***	ip=unknown-ip-addr	cmd=get_table : db=default tbl=transformed_data
[2025-04-02T03:24:25.538+0000] {subprocess.py:106} INFO - 25/04/02 03:24:25 INFO HiveMetaStore: 0: get_database: default
[2025-04-02T03:24:25.539+0000] {subprocess.py:106} INFO - 25/04/02 03:24:25 INFO audit: ugi=***	ip=unknown-ip-addr	cmd=get_database: default
[2025-04-02T03:24:25.555+0000] {subprocess.py:106} INFO - 25/04/02 03:24:25 INFO HiveMetaStore: 0: get_table : db=default tbl=transformed_data
[2025-04-02T03:24:25.555+0000] {subprocess.py:106} INFO - 25/04/02 03:24:25 INFO audit: ugi=***	ip=unknown-ip-addr	cmd=get_table : db=default tbl=transformed_data
[2025-04-02T03:24:25.581+0000] {subprocess.py:106} INFO - 25/04/02 03:24:25 INFO HiveMetaStore: 0: drop_table : db=default tbl=transformed_data
[2025-04-02T03:24:25.582+0000] {subprocess.py:106} INFO - 25/04/02 03:24:25 INFO audit: ugi=***	ip=unknown-ip-addr	cmd=drop_table : db=default tbl=transformed_data
[2025-04-02T03:24:26.455+0000] {subprocess.py:106} INFO - 25/04/02 03:24:26 INFO deprecation: org.apache.hadoop.shaded.io.bytes.per.checksum is deprecated. Instead, use dfs.bytes-per-checksum
[2025-04-02T03:24:26.483+0000] {subprocess.py:106} INFO - Processing table default.transformed_data2 to METADATA.TEST2
[2025-04-02T03:24:26.490+0000] {subprocess.py:106} INFO - 25/04/02 03:24:26 INFO HiveMetaStore: 0: get_database: default
[2025-04-02T03:24:26.491+0000] {subprocess.py:106} INFO - 25/04/02 03:24:26 INFO audit: ugi=***	ip=unknown-ip-addr	cmd=get_database: default
[2025-04-02T03:24:26.497+0000] {subprocess.py:106} INFO - 25/04/02 03:24:26 INFO HiveMetaStore: 0: get_table : db=default tbl=transformed_data2
[2025-04-02T03:24:26.500+0000] {subprocess.py:106} INFO - 25/04/02 03:24:26 INFO audit: ugi=***	ip=unknown-ip-addr	cmd=get_table : db=default tbl=transformed_data2
[2025-04-02T03:24:26.528+0000] {subprocess.py:106} INFO - 25/04/02 03:24:26 INFO HiveMetaStore: 0: get_table : db=default tbl=transformed_data2
[2025-04-02T03:24:26.529+0000] {subprocess.py:106} INFO - 25/04/02 03:24:26 INFO audit: ugi=***	ip=unknown-ip-addr	cmd=get_table : db=default tbl=transformed_data2
[2025-04-02T03:24:26.792+0000] {subprocess.py:106} INFO - 25/04/02 03:24:26 INFO MemoryStore: Block broadcast_2 stored as values in memory (estimated size 200.6 KiB, free 433.9 MiB)
[2025-04-02T03:24:26.831+0000] {subprocess.py:106} INFO - 25/04/02 03:24:26 INFO MemoryStore: Block broadcast_2_piece0 stored as bytes in memory (estimated size 34.6 KiB, free 433.9 MiB)
[2025-04-02T03:24:26.835+0000] {subprocess.py:106} INFO - 25/04/02 03:24:26 INFO BlockManagerInfo: Added broadcast_2_piece0 in memory on 662a32a4f576:43051 (size: 34.6 KiB, free: 434.3 MiB)
[2025-04-02T03:24:26.839+0000] {subprocess.py:106} INFO - 25/04/02 03:24:26 INFO SparkContext: Created broadcast 2 from
[2025-04-02T03:24:26.988+0000] {subprocess.py:106} INFO - 25/04/02 03:24:26 INFO FileInputFormat: Total input files to process : 3
[2025-04-02T03:24:27.034+0000] {subprocess.py:106} INFO - 25/04/02 03:24:27 INFO SparkContext: Starting job: jdbc at NativeMethodAccessorImpl.java:0
[2025-04-02T03:24:27.038+0000] {subprocess.py:106} INFO - 25/04/02 03:24:27 INFO DAGScheduler: Got job 1 (jdbc at NativeMethodAccessorImpl.java:0) with 3 output partitions
[2025-04-02T03:24:27.041+0000] {subprocess.py:106} INFO - 25/04/02 03:24:27 INFO DAGScheduler: Final stage: ResultStage 1 (jdbc at NativeMethodAccessorImpl.java:0)
[2025-04-02T03:24:27.049+0000] {subprocess.py:106} INFO - 25/04/02 03:24:27 INFO DAGScheduler: Parents of final stage: List()
[2025-04-02T03:24:27.052+0000] {subprocess.py:106} INFO - 25/04/02 03:24:27 INFO DAGScheduler: Missing parents: List()
[2025-04-02T03:24:27.057+0000] {subprocess.py:106} INFO - 25/04/02 03:24:27 INFO DAGScheduler: Submitting ResultStage 1 (MapPartitionsRDD[13] at jdbc at NativeMethodAccessorImpl.java:0), which has no missing parents
[2025-04-02T03:24:27.073+0000] {subprocess.py:106} INFO - 25/04/02 03:24:27 INFO MemoryStore: Block broadcast_3 stored as values in memory (estimated size 29.4 KiB, free 433.9 MiB)
[2025-04-02T03:24:27.079+0000] {subprocess.py:106} INFO - 25/04/02 03:24:27 INFO MemoryStore: Block broadcast_3_piece0 stored as bytes in memory (estimated size 13.8 KiB, free 433.9 MiB)
[2025-04-02T03:24:27.084+0000] {subprocess.py:106} INFO - 25/04/02 03:24:27 INFO BlockManagerInfo: Added broadcast_3_piece0 in memory on 662a32a4f576:43051 (size: 13.8 KiB, free: 434.3 MiB)
[2025-04-02T03:24:27.088+0000] {subprocess.py:106} INFO - 25/04/02 03:24:27 INFO SparkContext: Created broadcast 3 from broadcast at DAGScheduler.scala:1585
[2025-04-02T03:24:27.090+0000] {subprocess.py:106} INFO - 25/04/02 03:24:27 INFO BlockManagerInfo: Removed broadcast_1_piece0 on 662a32a4f576:43051 in memory (size: 13.9 KiB, free: 434.3 MiB)
[2025-04-02T03:24:27.097+0000] {subprocess.py:106} INFO - 25/04/02 03:24:27 INFO DAGScheduler: Submitting 3 missing tasks from ResultStage 1 (MapPartitionsRDD[13] at jdbc at NativeMethodAccessorImpl.java:0) (first 15 tasks are for partitions Vector(0, 1, 2))
[2025-04-02T03:24:27.102+0000] {subprocess.py:106} INFO - 25/04/02 03:24:27 INFO TaskSchedulerImpl: Adding task set 1.0 with 3 tasks resource profile 0
[2025-04-02T03:24:27.105+0000] {subprocess.py:106} INFO - 25/04/02 03:24:27 INFO TaskSetManager: Starting task 0.0 in stage 1.0 (TID 3) (662a32a4f576, executor driver, partition 0, PROCESS_LOCAL, 9299 bytes)
[2025-04-02T03:24:27.109+0000] {subprocess.py:106} INFO - 25/04/02 03:24:27 INFO TaskSetManager: Starting task 1.0 in stage 1.0 (TID 4) (662a32a4f576, executor driver, partition 1, PROCESS_LOCAL, 9299 bytes)
[2025-04-02T03:24:27.112+0000] {subprocess.py:106} INFO - 25/04/02 03:24:27 INFO TaskSetManager: Starting task 2.0 in stage 1.0 (TID 5) (662a32a4f576, executor driver, partition 2, PROCESS_LOCAL, 9299 bytes)
[2025-04-02T03:24:27.116+0000] {subprocess.py:106} INFO - 25/04/02 03:24:27 INFO Executor: Running task 2.0 in stage 1.0 (TID 5)
[2025-04-02T03:24:27.118+0000] {subprocess.py:106} INFO - 25/04/02 03:24:27 INFO Executor: Running task 0.0 in stage 1.0 (TID 3)
[2025-04-02T03:24:27.120+0000] {subprocess.py:106} INFO - 25/04/02 03:24:27 INFO Executor: Running task 1.0 in stage 1.0 (TID 4)
[2025-04-02T03:24:27.122+0000] {subprocess.py:106} INFO - 25/04/02 03:24:27 INFO BlockManagerInfo: Removed broadcast_0_piece0 on 662a32a4f576:43051 in memory (size: 34.6 KiB, free: 434.4 MiB)
[2025-04-02T03:24:27.138+0000] {subprocess.py:106} INFO - 25/04/02 03:24:27 INFO HadoopRDD: Input split: file:/dbt/dbt-spark-project/spark-warehouse/transformed_data2/part-00001-e29765ed-90ea-4a4f-aca7-2dd07cdadf15-c000:0+11
[2025-04-02T03:24:27.152+0000] {subprocess.py:106} INFO - 25/04/02 03:24:27 INFO HadoopRDD: Input split: file:/dbt/dbt-spark-project/spark-warehouse/transformed_data2/part-00000-e29765ed-90ea-4a4f-aca7-2dd07cdadf15-c000:0+9
[2025-04-02T03:24:27.184+0000] {subprocess.py:106} INFO - 25/04/02 03:24:27 INFO HadoopRDD: Input split: file:/dbt/dbt-spark-project/spark-warehouse/transformed_data2/part-00002-e29765ed-90ea-4a4f-aca7-2dd07cdadf15-c000:0+13
[2025-04-02T03:24:27.350+0000] {subprocess.py:106} INFO - 25/04/02 03:24:27 WARN JdbcUtils: Requested isolation level 1 is not supported; falling back to default isolation level 2
[2025-04-02T03:24:27.353+0000] {subprocess.py:106} INFO - 25/04/02 03:24:27 WARN JdbcUtils: Requested isolation level 1 is not supported; falling back to default isolation level 2
[2025-04-02T03:24:27.366+0000] {subprocess.py:106} INFO - 25/04/02 03:24:27 WARN JdbcUtils: Requested isolation level 1 is not supported; falling back to default isolation level 2
[2025-04-02T03:24:27.409+0000] {subprocess.py:106} INFO - 25/04/02 03:24:27 INFO Executor: Finished task 2.0 in stage 1.0 (TID 5). 1244 bytes result sent to driver
[2025-04-02T03:24:27.413+0000] {subprocess.py:106} INFO - 25/04/02 03:24:27 INFO TaskSetManager: Finished task 2.0 in stage 1.0 (TID 5) in 311 ms on 662a32a4f576 (executor driver) (1/3)
[2025-04-02T03:24:27.422+0000] {subprocess.py:106} INFO - 25/04/02 03:24:27 INFO Executor: Finished task 0.0 in stage 1.0 (TID 3). 1244 bytes result sent to driver
[2025-04-02T03:24:27.424+0000] {subprocess.py:106} INFO - 25/04/02 03:24:27 INFO Executor: Finished task 1.0 in stage 1.0 (TID 4). 1244 bytes result sent to driver
[2025-04-02T03:24:27.425+0000] {subprocess.py:106} INFO - 25/04/02 03:24:27 INFO TaskSetManager: Finished task 0.0 in stage 1.0 (TID 3) in 330 ms on 662a32a4f576 (executor driver) (2/3)
[2025-04-02T03:24:27.426+0000] {subprocess.py:106} INFO - 25/04/02 03:24:27 INFO TaskSetManager: Finished task 1.0 in stage 1.0 (TID 4) in 329 ms on 662a32a4f576 (executor driver) (3/3)
[2025-04-02T03:24:27.427+0000] {subprocess.py:106} INFO - 25/04/02 03:24:27 INFO TaskSchedulerImpl: Removed TaskSet 1.0, whose tasks have all completed, from pool
[2025-04-02T03:24:27.429+0000] {subprocess.py:106} INFO - 25/04/02 03:24:27 INFO DAGScheduler: ResultStage 1 (jdbc at NativeMethodAccessorImpl.java:0) finished in 0.373 s
[2025-04-02T03:24:27.430+0000] {subprocess.py:106} INFO - 25/04/02 03:24:27 INFO DAGScheduler: Job 1 is finished. Cancelling potential speculative or zombie tasks for this job
[2025-04-02T03:24:27.431+0000] {subprocess.py:106} INFO - 25/04/02 03:24:27 INFO TaskSchedulerImpl: Killing all running tasks in stage 1: Stage finished
[2025-04-02T03:24:27.432+0000] {subprocess.py:106} INFO - 25/04/02 03:24:27 INFO DAGScheduler: Job 1 finished: jdbc at NativeMethodAccessorImpl.java:0, took 0.394251 s
[2025-04-02T03:24:27.619+0000] {subprocess.py:106} INFO - Data successfully written to METADATA.TEST2
[2025-04-02T03:24:27.642+0000] {subprocess.py:106} INFO - 25/04/02 03:24:27 INFO HiveMetaStore: 0: get_database: default
[2025-04-02T03:24:27.643+0000] {subprocess.py:106} INFO - 25/04/02 03:24:27 INFO audit: ugi=***	ip=unknown-ip-addr	cmd=get_database: default
[2025-04-02T03:24:27.647+0000] {subprocess.py:106} INFO - 25/04/02 03:24:27 INFO HiveMetaStore: 0: get_table : db=default tbl=transformed_data2
[2025-04-02T03:24:27.648+0000] {subprocess.py:106} INFO - 25/04/02 03:24:27 INFO audit: ugi=***	ip=unknown-ip-addr	cmd=get_table : db=default tbl=transformed_data2
[2025-04-02T03:24:27.672+0000] {subprocess.py:106} INFO - 25/04/02 03:24:27 INFO HiveMetaStore: 0: get_table : db=default tbl=transformed_data2
[2025-04-02T03:24:27.673+0000] {subprocess.py:106} INFO - 25/04/02 03:24:27 INFO audit: ugi=***	ip=unknown-ip-addr	cmd=get_table : db=default tbl=transformed_data2
[2025-04-02T03:24:27.700+0000] {subprocess.py:106} INFO - 25/04/02 03:24:27 INFO HiveMetaStore: 0: get_database: default
[2025-04-02T03:24:27.701+0000] {subprocess.py:106} INFO - 25/04/02 03:24:27 INFO audit: ugi=***	ip=unknown-ip-addr	cmd=get_database: default
[2025-04-02T03:24:27.704+0000] {subprocess.py:106} INFO - 25/04/02 03:24:27 INFO HiveMetaStore: 0: get_table : db=default tbl=transformed_data2
[2025-04-02T03:24:27.705+0000] {subprocess.py:106} INFO - 25/04/02 03:24:27 INFO audit: ugi=***	ip=unknown-ip-addr	cmd=get_table : db=default tbl=transformed_data2
[2025-04-02T03:24:27.724+0000] {subprocess.py:106} INFO - 25/04/02 03:24:27 INFO HiveMetaStore: 0: get_table : db=default tbl=transformed_data2
[2025-04-02T03:24:27.725+0000] {subprocess.py:106} INFO - 25/04/02 03:24:27 INFO audit: ugi=***	ip=unknown-ip-addr	cmd=get_table : db=default tbl=transformed_data2
[2025-04-02T03:24:27.755+0000] {subprocess.py:106} INFO - 25/04/02 03:24:27 INFO HiveMetaStore: 0: get_database: default
[2025-04-02T03:24:27.756+0000] {subprocess.py:106} INFO - 25/04/02 03:24:27 INFO audit: ugi=***	ip=unknown-ip-addr	cmd=get_database: default
[2025-04-02T03:24:27.760+0000] {subprocess.py:106} INFO - 25/04/02 03:24:27 INFO HiveMetaStore: 0: get_table : db=default tbl=transformed_data2
[2025-04-02T03:24:27.761+0000] {subprocess.py:106} INFO - 25/04/02 03:24:27 INFO audit: ugi=***	ip=unknown-ip-addr	cmd=get_table : db=default tbl=transformed_data2
[2025-04-02T03:24:27.791+0000] {subprocess.py:106} INFO - 25/04/02 03:24:27 INFO HiveMetaStore: 0: get_database: default
[2025-04-02T03:24:27.792+0000] {subprocess.py:106} INFO - 25/04/02 03:24:27 INFO audit: ugi=***	ip=unknown-ip-addr	cmd=get_database: default
[2025-04-02T03:24:27.796+0000] {subprocess.py:106} INFO - 25/04/02 03:24:27 INFO HiveMetaStore: 0: get_table : db=default tbl=transformed_data2
[2025-04-02T03:24:27.797+0000] {subprocess.py:106} INFO - 25/04/02 03:24:27 INFO audit: ugi=***	ip=unknown-ip-addr	cmd=get_table : db=default tbl=transformed_data2
[2025-04-02T03:24:27.819+0000] {subprocess.py:106} INFO - 25/04/02 03:24:27 INFO HiveMetaStore: 0: drop_table : db=default tbl=transformed_data2
[2025-04-02T03:24:27.820+0000] {subprocess.py:106} INFO - 25/04/02 03:24:27 INFO audit: ugi=***	ip=unknown-ip-addr	cmd=drop_table : db=default tbl=transformed_data2
[2025-04-02T03:24:27.920+0000] {subprocess.py:106} INFO - Processing table default.transformed_data3 to METADATA.TEST3
[2025-04-02T03:24:27.931+0000] {subprocess.py:106} INFO - 25/04/02 03:24:27 INFO HiveMetaStore: 0: get_database: default
[2025-04-02T03:24:27.934+0000] {subprocess.py:106} INFO - 25/04/02 03:24:27 INFO audit: ugi=***	ip=unknown-ip-addr	cmd=get_database: default
[2025-04-02T03:24:27.935+0000] {subprocess.py:106} INFO - 25/04/02 03:24:27 INFO HiveMetaStore: 0: get_table : db=default tbl=transformed_data3
[2025-04-02T03:24:27.937+0000] {subprocess.py:106} INFO - 25/04/02 03:24:27 INFO audit: ugi=***	ip=unknown-ip-addr	cmd=get_table : db=default tbl=transformed_data3
[2025-04-02T03:24:27.962+0000] {subprocess.py:106} INFO - 25/04/02 03:24:27 INFO HiveMetaStore: 0: get_table : db=default tbl=transformed_data3
[2025-04-02T03:24:27.963+0000] {subprocess.py:106} INFO - 25/04/02 03:24:27 INFO audit: ugi=***	ip=unknown-ip-addr	cmd=get_table : db=default tbl=transformed_data3
[2025-04-02T03:24:28.246+0000] {subprocess.py:106} INFO - 25/04/02 03:24:28 INFO MemoryStore: Block broadcast_4 stored as values in memory (estimated size 200.6 KiB, free 433.9 MiB)
[2025-04-02T03:24:28.265+0000] {subprocess.py:106} INFO - 25/04/02 03:24:28 INFO MemoryStore: Block broadcast_4_piece0 stored as bytes in memory (estimated size 34.6 KiB, free 433.9 MiB)
[2025-04-02T03:24:28.270+0000] {subprocess.py:106} INFO - 25/04/02 03:24:28 INFO BlockManagerInfo: Added broadcast_4_piece0 in memory on 662a32a4f576:43051 (size: 34.6 KiB, free: 434.3 MiB)
[2025-04-02T03:24:28.271+0000] {subprocess.py:106} INFO - 25/04/02 03:24:28 INFO SparkContext: Created broadcast 4 from
[2025-04-02T03:24:28.338+0000] {subprocess.py:106} INFO - 25/04/02 03:24:28 INFO FileInputFormat: Total input files to process : 3
[2025-04-02T03:24:28.363+0000] {subprocess.py:106} INFO - 25/04/02 03:24:28 INFO SparkContext: Starting job: jdbc at NativeMethodAccessorImpl.java:0
[2025-04-02T03:24:28.366+0000] {subprocess.py:106} INFO - 25/04/02 03:24:28 INFO DAGScheduler: Got job 2 (jdbc at NativeMethodAccessorImpl.java:0) with 3 output partitions
[2025-04-02T03:24:28.371+0000] {subprocess.py:106} INFO - 25/04/02 03:24:28 INFO DAGScheduler: Final stage: ResultStage 2 (jdbc at NativeMethodAccessorImpl.java:0)
[2025-04-02T03:24:28.372+0000] {subprocess.py:106} INFO - 25/04/02 03:24:28 INFO DAGScheduler: Parents of final stage: List()
[2025-04-02T03:24:28.374+0000] {subprocess.py:106} INFO - 25/04/02 03:24:28 INFO DAGScheduler: Missing parents: List()
[2025-04-02T03:24:28.377+0000] {subprocess.py:106} INFO - 25/04/02 03:24:28 INFO DAGScheduler: Submitting ResultStage 2 (MapPartitionsRDD[20] at jdbc at NativeMethodAccessorImpl.java:0), which has no missing parents
[2025-04-02T03:24:28.383+0000] {subprocess.py:106} INFO - 25/04/02 03:24:28 INFO MemoryStore: Block broadcast_5 stored as values in memory (estimated size 29.4 KiB, free 433.9 MiB)
[2025-04-02T03:24:28.385+0000] {subprocess.py:106} INFO - 25/04/02 03:24:28 INFO MemoryStore: Block broadcast_5_piece0 stored as bytes in memory (estimated size 13.9 KiB, free 433.9 MiB)
[2025-04-02T03:24:28.389+0000] {subprocess.py:106} INFO - 25/04/02 03:24:28 INFO BlockManagerInfo: Added broadcast_5_piece0 in memory on 662a32a4f576:43051 (size: 13.9 KiB, free: 434.3 MiB)
[2025-04-02T03:24:28.393+0000] {subprocess.py:106} INFO - 25/04/02 03:24:28 INFO SparkContext: Created broadcast 5 from broadcast at DAGScheduler.scala:1585
[2025-04-02T03:24:28.399+0000] {subprocess.py:106} INFO - 25/04/02 03:24:28 INFO DAGScheduler: Submitting 3 missing tasks from ResultStage 2 (MapPartitionsRDD[20] at jdbc at NativeMethodAccessorImpl.java:0) (first 15 tasks are for partitions Vector(0, 1, 2))
[2025-04-02T03:24:28.402+0000] {subprocess.py:106} INFO - 25/04/02 03:24:28 INFO TaskSchedulerImpl: Adding task set 2.0 with 3 tasks resource profile 0
[2025-04-02T03:24:28.405+0000] {subprocess.py:106} INFO - 25/04/02 03:24:28 INFO TaskSetManager: Starting task 0.0 in stage 2.0 (TID 6) (662a32a4f576, executor driver, partition 0, PROCESS_LOCAL, 9299 bytes)
[2025-04-02T03:24:28.408+0000] {subprocess.py:106} INFO - 25/04/02 03:24:28 INFO TaskSetManager: Starting task 1.0 in stage 2.0 (TID 7) (662a32a4f576, executor driver, partition 1, PROCESS_LOCAL, 9299 bytes)
[2025-04-02T03:24:28.412+0000] {subprocess.py:106} INFO - 25/04/02 03:24:28 INFO TaskSetManager: Starting task 2.0 in stage 2.0 (TID 8) (662a32a4f576, executor driver, partition 2, PROCESS_LOCAL, 9299 bytes)
[2025-04-02T03:24:28.415+0000] {subprocess.py:106} INFO - 25/04/02 03:24:28 INFO Executor: Running task 0.0 in stage 2.0 (TID 6)
[2025-04-02T03:24:28.420+0000] {subprocess.py:106} INFO - 25/04/02 03:24:28 INFO Executor: Running task 1.0 in stage 2.0 (TID 7)
[2025-04-02T03:24:28.425+0000] {subprocess.py:106} INFO - 25/04/02 03:24:28 INFO Executor: Running task 2.0 in stage 2.0 (TID 8)
[2025-04-02T03:24:28.428+0000] {subprocess.py:106} INFO - 25/04/02 03:24:28 INFO HadoopRDD: Input split: file:/dbt/dbt-spark-project/spark-warehouse/transformed_data3/part-00000-5a1bad86-f863-4a20-8415-79642a0e662b-c000:0+9
[2025-04-02T03:24:28.468+0000] {subprocess.py:106} INFO - 25/04/02 03:24:28 INFO HadoopRDD: Input split: file:/dbt/dbt-spark-project/spark-warehouse/transformed_data3/part-00001-5a1bad86-f863-4a20-8415-79642a0e662b-c000:0+11
[2025-04-02T03:24:28.474+0000] {subprocess.py:106} INFO - 25/04/02 03:24:28 INFO HadoopRDD: Input split: file:/dbt/dbt-spark-project/spark-warehouse/transformed_data3/part-00002-5a1bad86-f863-4a20-8415-79642a0e662b-c000:0+14
[2025-04-02T03:24:28.476+0000] {subprocess.py:106} INFO - 25/04/02 03:24:28 INFO BlockManagerInfo: Removed broadcast_2_piece0 on 662a32a4f576:43051 in memory (size: 34.6 KiB, free: 434.3 MiB)
[2025-04-02T03:24:28.496+0000] {subprocess.py:106} INFO - 25/04/02 03:24:28 INFO BlockManagerInfo: Removed broadcast_3_piece0 on 662a32a4f576:43051 in memory (size: 13.8 KiB, free: 434.4 MiB)
[2025-04-02T03:24:28.705+0000] {subprocess.py:106} INFO - 25/04/02 03:24:28 WARN JdbcUtils: Requested isolation level 1 is not supported; falling back to default isolation level 2
[2025-04-02T03:24:28.708+0000] {subprocess.py:106} INFO - 25/04/02 03:24:28 WARN JdbcUtils: Requested isolation level 1 is not supported; falling back to default isolation level 2
[2025-04-02T03:24:28.710+0000] {subprocess.py:106} INFO - 25/04/02 03:24:28 WARN JdbcUtils: Requested isolation level 1 is not supported; falling back to default isolation level 2
[2025-04-02T03:24:28.775+0000] {subprocess.py:106} INFO - 25/04/02 03:24:28 INFO Executor: Finished task 1.0 in stage 2.0 (TID 7). 1287 bytes result sent to driver
[2025-04-02T03:24:28.778+0000] {subprocess.py:106} INFO - 25/04/02 03:24:28 INFO TaskSetManager: Finished task 1.0 in stage 2.0 (TID 7) in 384 ms on 662a32a4f576 (executor driver) (1/3)
[2025-04-02T03:24:28.783+0000] {subprocess.py:106} INFO - 25/04/02 03:24:28 INFO Executor: Finished task 0.0 in stage 2.0 (TID 6). 1287 bytes result sent to driver
[2025-04-02T03:24:28.786+0000] {subprocess.py:106} INFO - 25/04/02 03:24:28 INFO TaskSetManager: Finished task 0.0 in stage 2.0 (TID 6) in 396 ms on 662a32a4f576 (executor driver) (2/3)
[2025-04-02T03:24:28.800+0000] {subprocess.py:106} INFO - 25/04/02 03:24:28 INFO Executor: Finished task 2.0 in stage 2.0 (TID 8). 1287 bytes result sent to driver
[2025-04-02T03:24:28.802+0000] {subprocess.py:106} INFO - 25/04/02 03:24:28 INFO TaskSetManager: Finished task 2.0 in stage 2.0 (TID 8) in 406 ms on 662a32a4f576 (executor driver) (3/3)
[2025-04-02T03:24:28.805+0000] {subprocess.py:106} INFO - 25/04/02 03:24:28 INFO TaskSchedulerImpl: Removed TaskSet 2.0, whose tasks have all completed, from pool
[2025-04-02T03:24:28.807+0000] {subprocess.py:106} INFO - 25/04/02 03:24:28 INFO DAGScheduler: ResultStage 2 (jdbc at NativeMethodAccessorImpl.java:0) finished in 0.434 s
[2025-04-02T03:24:28.809+0000] {subprocess.py:106} INFO - 25/04/02 03:24:28 INFO DAGScheduler: Job 2 is finished. Cancelling potential speculative or zombie tasks for this job
[2025-04-02T03:24:28.811+0000] {subprocess.py:106} INFO - 25/04/02 03:24:28 INFO TaskSchedulerImpl: Killing all running tasks in stage 2: Stage finished
[2025-04-02T03:24:28.813+0000] {subprocess.py:106} INFO - 25/04/02 03:24:28 INFO DAGScheduler: Job 2 finished: jdbc at NativeMethodAccessorImpl.java:0, took 0.443848 s
[2025-04-02T03:24:29.035+0000] {subprocess.py:106} INFO - Data successfully written to METADATA.TEST3
[2025-04-02T03:24:29.091+0000] {subprocess.py:106} INFO - 25/04/02 03:24:29 INFO HiveMetaStore: 0: get_database: default
[2025-04-02T03:24:29.093+0000] {subprocess.py:106} INFO - 25/04/02 03:24:29 INFO audit: ugi=***	ip=unknown-ip-addr	cmd=get_database: default
[2025-04-02T03:24:29.097+0000] {subprocess.py:106} INFO - 25/04/02 03:24:29 INFO HiveMetaStore: 0: get_table : db=default tbl=transformed_data3
[2025-04-02T03:24:29.101+0000] {subprocess.py:106} INFO - 25/04/02 03:24:29 INFO audit: ugi=***	ip=unknown-ip-addr	cmd=get_table : db=default tbl=transformed_data3
[2025-04-02T03:24:29.129+0000] {subprocess.py:106} INFO - 25/04/02 03:24:29 INFO HiveMetaStore: 0: get_table : db=default tbl=transformed_data3
[2025-04-02T03:24:29.130+0000] {subprocess.py:106} INFO - 25/04/02 03:24:29 INFO audit: ugi=***	ip=unknown-ip-addr	cmd=get_table : db=default tbl=transformed_data3
[2025-04-02T03:24:29.165+0000] {subprocess.py:106} INFO - 25/04/02 03:24:29 INFO HiveMetaStore: 0: get_database: default
[2025-04-02T03:24:29.168+0000] {subprocess.py:106} INFO - 25/04/02 03:24:29 INFO audit: ugi=***	ip=unknown-ip-addr	cmd=get_database: default
[2025-04-02T03:24:29.172+0000] {subprocess.py:106} INFO - 25/04/02 03:24:29 INFO HiveMetaStore: 0: get_table : db=default tbl=transformed_data3
[2025-04-02T03:24:29.173+0000] {subprocess.py:106} INFO - 25/04/02 03:24:29 INFO audit: ugi=***	ip=unknown-ip-addr	cmd=get_table : db=default tbl=transformed_data3
[2025-04-02T03:24:29.201+0000] {subprocess.py:106} INFO - 25/04/02 03:24:29 INFO HiveMetaStore: 0: get_table : db=default tbl=transformed_data3
[2025-04-02T03:24:29.203+0000] {subprocess.py:106} INFO - 25/04/02 03:24:29 INFO audit: ugi=***	ip=unknown-ip-addr	cmd=get_table : db=default tbl=transformed_data3
[2025-04-02T03:24:29.233+0000] {subprocess.py:106} INFO - 25/04/02 03:24:29 INFO HiveMetaStore: 0: get_database: default
[2025-04-02T03:24:29.238+0000] {subprocess.py:106} INFO - 25/04/02 03:24:29 INFO audit: ugi=***	ip=unknown-ip-addr	cmd=get_database: default
[2025-04-02T03:24:29.241+0000] {subprocess.py:106} INFO - 25/04/02 03:24:29 INFO HiveMetaStore: 0: get_table : db=default tbl=transformed_data3
[2025-04-02T03:24:29.243+0000] {subprocess.py:106} INFO - 25/04/02 03:24:29 INFO audit: ugi=***	ip=unknown-ip-addr	cmd=get_table : db=default tbl=transformed_data3
[2025-04-02T03:24:29.271+0000] {subprocess.py:106} INFO - 25/04/02 03:24:29 INFO HiveMetaStore: 0: get_database: default
[2025-04-02T03:24:29.272+0000] {subprocess.py:106} INFO - 25/04/02 03:24:29 INFO audit: ugi=***	ip=unknown-ip-addr	cmd=get_database: default
[2025-04-02T03:24:29.276+0000] {subprocess.py:106} INFO - 25/04/02 03:24:29 INFO HiveMetaStore: 0: get_table : db=default tbl=transformed_data3
[2025-04-02T03:24:29.277+0000] {subprocess.py:106} INFO - 25/04/02 03:24:29 INFO audit: ugi=***	ip=unknown-ip-addr	cmd=get_table : db=default tbl=transformed_data3
[2025-04-02T03:24:29.302+0000] {subprocess.py:106} INFO - 25/04/02 03:24:29 INFO HiveMetaStore: 0: drop_table : db=default tbl=transformed_data3
[2025-04-02T03:24:29.307+0000] {subprocess.py:106} INFO - 25/04/02 03:24:29 INFO audit: ugi=***	ip=unknown-ip-addr	cmd=drop_table : db=default tbl=transformed_data3
[2025-04-02T03:24:29.400+0000] {subprocess.py:106} INFO - Processing table default.transformed_data4 to METADATA.TEST4
[2025-04-02T03:24:29.415+0000] {subprocess.py:106} INFO - 25/04/02 03:24:29 INFO HiveMetaStore: 0: get_database: default
[2025-04-02T03:24:29.417+0000] {subprocess.py:106} INFO - 25/04/02 03:24:29 INFO audit: ugi=***	ip=unknown-ip-addr	cmd=get_database: default
[2025-04-02T03:24:29.420+0000] {subprocess.py:106} INFO - 25/04/02 03:24:29 INFO HiveMetaStore: 0: get_table : db=default tbl=transformed_data4
[2025-04-02T03:24:29.424+0000] {subprocess.py:106} INFO - 25/04/02 03:24:29 INFO audit: ugi=***	ip=unknown-ip-addr	cmd=get_table : db=default tbl=transformed_data4
[2025-04-02T03:24:29.444+0000] {subprocess.py:106} INFO - 25/04/02 03:24:29 INFO HiveMetaStore: 0: get_table : db=default tbl=transformed_data4
[2025-04-02T03:24:29.445+0000] {subprocess.py:106} INFO - 25/04/02 03:24:29 INFO audit: ugi=***	ip=unknown-ip-addr	cmd=get_table : db=default tbl=transformed_data4
[2025-04-02T03:24:29.689+0000] {subprocess.py:106} INFO - 25/04/02 03:24:29 INFO MemoryStore: Block broadcast_6 stored as values in memory (estimated size 200.6 KiB, free 433.9 MiB)
[2025-04-02T03:24:29.704+0000] {subprocess.py:106} INFO - 25/04/02 03:24:29 INFO MemoryStore: Block broadcast_6_piece0 stored as bytes in memory (estimated size 34.6 KiB, free 433.9 MiB)
[2025-04-02T03:24:29.707+0000] {subprocess.py:106} INFO - 25/04/02 03:24:29 INFO BlockManagerInfo: Added broadcast_6_piece0 in memory on 662a32a4f576:43051 (size: 34.6 KiB, free: 434.3 MiB)
[2025-04-02T03:24:29.708+0000] {subprocess.py:106} INFO - 25/04/02 03:24:29 INFO SparkContext: Created broadcast 6 from
[2025-04-02T03:24:29.768+0000] {subprocess.py:106} INFO - 25/04/02 03:24:29 INFO FileInputFormat: Total input files to process : 3
[2025-04-02T03:24:29.790+0000] {subprocess.py:106} INFO - 25/04/02 03:24:29 INFO SparkContext: Starting job: jdbc at NativeMethodAccessorImpl.java:0
[2025-04-02T03:24:29.793+0000] {subprocess.py:106} INFO - 25/04/02 03:24:29 INFO DAGScheduler: Got job 3 (jdbc at NativeMethodAccessorImpl.java:0) with 3 output partitions
[2025-04-02T03:24:29.794+0000] {subprocess.py:106} INFO - 25/04/02 03:24:29 INFO DAGScheduler: Final stage: ResultStage 3 (jdbc at NativeMethodAccessorImpl.java:0)
[2025-04-02T03:24:29.798+0000] {subprocess.py:106} INFO - 25/04/02 03:24:29 INFO DAGScheduler: Parents of final stage: List()
[2025-04-02T03:24:29.800+0000] {subprocess.py:106} INFO - 25/04/02 03:24:29 INFO DAGScheduler: Missing parents: List()
[2025-04-02T03:24:29.805+0000] {subprocess.py:106} INFO - 25/04/02 03:24:29 INFO DAGScheduler: Submitting ResultStage 3 (MapPartitionsRDD[27] at jdbc at NativeMethodAccessorImpl.java:0), which has no missing parents
[2025-04-02T03:24:29.806+0000] {subprocess.py:106} INFO - 25/04/02 03:24:29 INFO MemoryStore: Block broadcast_7 stored as values in memory (estimated size 29.4 KiB, free 433.9 MiB)
[2025-04-02T03:24:29.808+0000] {subprocess.py:106} INFO - 25/04/02 03:24:29 INFO MemoryStore: Block broadcast_7_piece0 stored as bytes in memory (estimated size 13.9 KiB, free 433.9 MiB)
[2025-04-02T03:24:29.809+0000] {subprocess.py:106} INFO - 25/04/02 03:24:29 INFO BlockManagerInfo: Added broadcast_7_piece0 in memory on 662a32a4f576:43051 (size: 13.9 KiB, free: 434.3 MiB)
[2025-04-02T03:24:29.811+0000] {subprocess.py:106} INFO - 25/04/02 03:24:29 INFO SparkContext: Created broadcast 7 from broadcast at DAGScheduler.scala:1585
[2025-04-02T03:24:29.812+0000] {subprocess.py:106} INFO - 25/04/02 03:24:29 INFO DAGScheduler: Submitting 3 missing tasks from ResultStage 3 (MapPartitionsRDD[27] at jdbc at NativeMethodAccessorImpl.java:0) (first 15 tasks are for partitions Vector(0, 1, 2))
[2025-04-02T03:24:29.816+0000] {subprocess.py:106} INFO - 25/04/02 03:24:29 INFO TaskSchedulerImpl: Adding task set 3.0 with 3 tasks resource profile 0
[2025-04-02T03:24:29.819+0000] {subprocess.py:106} INFO - 25/04/02 03:24:29 INFO TaskSetManager: Starting task 0.0 in stage 3.0 (TID 9) (662a32a4f576, executor driver, partition 0, PROCESS_LOCAL, 9299 bytes)
[2025-04-02T03:24:29.820+0000] {subprocess.py:106} INFO - 25/04/02 03:24:29 INFO TaskSetManager: Starting task 1.0 in stage 3.0 (TID 10) (662a32a4f576, executor driver, partition 1, PROCESS_LOCAL, 9299 bytes)
[2025-04-02T03:24:29.821+0000] {subprocess.py:106} INFO - 25/04/02 03:24:29 INFO TaskSetManager: Starting task 2.0 in stage 3.0 (TID 11) (662a32a4f576, executor driver, partition 2, PROCESS_LOCAL, 9299 bytes)
[2025-04-02T03:24:29.823+0000] {subprocess.py:106} INFO - 25/04/02 03:24:29 INFO Executor: Running task 0.0 in stage 3.0 (TID 9)
[2025-04-02T03:24:29.824+0000] {subprocess.py:106} INFO - 25/04/02 03:24:29 INFO Executor: Running task 2.0 in stage 3.0 (TID 11)
[2025-04-02T03:24:29.826+0000] {subprocess.py:106} INFO - 25/04/02 03:24:29 INFO Executor: Running task 1.0 in stage 3.0 (TID 10)
[2025-04-02T03:24:29.842+0000] {subprocess.py:106} INFO - 25/04/02 03:24:29 INFO HadoopRDD: Input split: file:/dbt/dbt-spark-project/spark-warehouse/transformed_data4/part-00002-c40f7a08-176a-46c2-a8dd-436f11823b47-c000:0+14
[2025-04-02T03:24:29.849+0000] {subprocess.py:106} INFO - 25/04/02 03:24:29 INFO HadoopRDD: Input split: file:/dbt/dbt-spark-project/spark-warehouse/transformed_data4/part-00000-c40f7a08-176a-46c2-a8dd-436f11823b47-c000:0+10
[2025-04-02T03:24:29.852+0000] {subprocess.py:106} INFO - 25/04/02 03:24:29 INFO HadoopRDD: Input split: file:/dbt/dbt-spark-project/spark-warehouse/transformed_data4/part-00001-c40f7a08-176a-46c2-a8dd-436f11823b47-c000:0+11
[2025-04-02T03:24:29.968+0000] {subprocess.py:106} INFO - 25/04/02 03:24:29 WARN JdbcUtils: Requested isolation level 1 is not supported; falling back to default isolation level 2
[2025-04-02T03:24:29.972+0000] {subprocess.py:106} INFO - 25/04/02 03:24:29 WARN JdbcUtils: Requested isolation level 1 is not supported; falling back to default isolation level 2
[2025-04-02T03:24:29.981+0000] {subprocess.py:106} INFO - 25/04/02 03:24:29 WARN JdbcUtils: Requested isolation level 1 is not supported; falling back to default isolation level 2
[2025-04-02T03:24:29.988+0000] {subprocess.py:106} INFO - 25/04/02 03:24:29 INFO Executor: Finished task 1.0 in stage 3.0 (TID 10). 1244 bytes result sent to driver
[2025-04-02T03:24:29.990+0000] {subprocess.py:106} INFO - 25/04/02 03:24:29 INFO TaskSetManager: Finished task 1.0 in stage 3.0 (TID 10) in 175 ms on 662a32a4f576 (executor driver) (1/3)
[2025-04-02T03:24:29.993+0000] {subprocess.py:106} INFO - 25/04/02 03:24:29 INFO Executor: Finished task 2.0 in stage 3.0 (TID 11). 1244 bytes result sent to driver
[2025-04-02T03:24:29.995+0000] {subprocess.py:106} INFO - 25/04/02 03:24:29 INFO TaskSetManager: Finished task 2.0 in stage 3.0 (TID 11) in 176 ms on 662a32a4f576 (executor driver) (2/3)
[2025-04-02T03:24:30.006+0000] {subprocess.py:106} INFO - 25/04/02 03:24:30 INFO Executor: Finished task 0.0 in stage 3.0 (TID 9). 1244 bytes result sent to driver
[2025-04-02T03:24:30.009+0000] {subprocess.py:106} INFO - 25/04/02 03:24:30 INFO TaskSetManager: Finished task 0.0 in stage 3.0 (TID 9) in 194 ms on 662a32a4f576 (executor driver) (3/3)
[2025-04-02T03:24:30.010+0000] {subprocess.py:106} INFO - 25/04/02 03:24:30 INFO TaskSchedulerImpl: Removed TaskSet 3.0, whose tasks have all completed, from pool
[2025-04-02T03:24:30.011+0000] {subprocess.py:106} INFO - 25/04/02 03:24:30 INFO DAGScheduler: ResultStage 3 (jdbc at NativeMethodAccessorImpl.java:0) finished in 0.212 s
[2025-04-02T03:24:30.015+0000] {subprocess.py:106} INFO - 25/04/02 03:24:30 INFO DAGScheduler: Job 3 is finished. Cancelling potential speculative or zombie tasks for this job
[2025-04-02T03:24:30.017+0000] {subprocess.py:106} INFO - 25/04/02 03:24:30 INFO TaskSchedulerImpl: Killing all running tasks in stage 3: Stage finished
[2025-04-02T03:24:30.019+0000] {subprocess.py:106} INFO - 25/04/02 03:24:30 INFO DAGScheduler: Job 3 finished: jdbc at NativeMethodAccessorImpl.java:0, took 0.222069 s
[2025-04-02T03:24:30.158+0000] {subprocess.py:106} INFO - Data successfully written to METADATA.TEST4
[2025-04-02T03:24:30.175+0000] {subprocess.py:106} INFO - 25/04/02 03:24:30 INFO HiveMetaStore: 0: get_database: default
[2025-04-02T03:24:30.178+0000] {subprocess.py:106} INFO - 25/04/02 03:24:30 INFO audit: ugi=***	ip=unknown-ip-addr	cmd=get_database: default
[2025-04-02T03:24:30.182+0000] {subprocess.py:106} INFO - 25/04/02 03:24:30 INFO HiveMetaStore: 0: get_table : db=default tbl=transformed_data4
[2025-04-02T03:24:30.183+0000] {subprocess.py:106} INFO - 25/04/02 03:24:30 INFO audit: ugi=***	ip=unknown-ip-addr	cmd=get_table : db=default tbl=transformed_data4
[2025-04-02T03:24:30.204+0000] {subprocess.py:106} INFO - 25/04/02 03:24:30 INFO HiveMetaStore: 0: get_table : db=default tbl=transformed_data4
[2025-04-02T03:24:30.206+0000] {subprocess.py:106} INFO - 25/04/02 03:24:30 INFO audit: ugi=***	ip=unknown-ip-addr	cmd=get_table : db=default tbl=transformed_data4
[2025-04-02T03:24:30.235+0000] {subprocess.py:106} INFO - 25/04/02 03:24:30 INFO HiveMetaStore: 0: get_database: default
[2025-04-02T03:24:30.238+0000] {subprocess.py:106} INFO - 25/04/02 03:24:30 INFO audit: ugi=***	ip=unknown-ip-addr	cmd=get_database: default
[2025-04-02T03:24:30.242+0000] {subprocess.py:106} INFO - 25/04/02 03:24:30 INFO HiveMetaStore: 0: get_table : db=default tbl=transformed_data4
[2025-04-02T03:24:30.246+0000] {subprocess.py:106} INFO - 25/04/02 03:24:30 INFO audit: ugi=***	ip=unknown-ip-addr	cmd=get_table : db=default tbl=transformed_data4
[2025-04-02T03:24:30.272+0000] {subprocess.py:106} INFO - 25/04/02 03:24:30 INFO HiveMetaStore: 0: get_table : db=default tbl=transformed_data4
[2025-04-02T03:24:30.274+0000] {subprocess.py:106} INFO - 25/04/02 03:24:30 INFO audit: ugi=***	ip=unknown-ip-addr	cmd=get_table : db=default tbl=transformed_data4
[2025-04-02T03:24:30.302+0000] {subprocess.py:106} INFO - 25/04/02 03:24:30 INFO HiveMetaStore: 0: get_database: default
[2025-04-02T03:24:30.304+0000] {subprocess.py:106} INFO - 25/04/02 03:24:30 INFO audit: ugi=***	ip=unknown-ip-addr	cmd=get_database: default
[2025-04-02T03:24:30.308+0000] {subprocess.py:106} INFO - 25/04/02 03:24:30 INFO HiveMetaStore: 0: get_table : db=default tbl=transformed_data4
[2025-04-02T03:24:30.310+0000] {subprocess.py:106} INFO - 25/04/02 03:24:30 INFO audit: ugi=***	ip=unknown-ip-addr	cmd=get_table : db=default tbl=transformed_data4
[2025-04-02T03:24:30.336+0000] {subprocess.py:106} INFO - 25/04/02 03:24:30 INFO HiveMetaStore: 0: get_database: default
[2025-04-02T03:24:30.339+0000] {subprocess.py:106} INFO - 25/04/02 03:24:30 INFO audit: ugi=***	ip=unknown-ip-addr	cmd=get_database: default
[2025-04-02T03:24:30.343+0000] {subprocess.py:106} INFO - 25/04/02 03:24:30 INFO HiveMetaStore: 0: get_table : db=default tbl=transformed_data4
[2025-04-02T03:24:30.347+0000] {subprocess.py:106} INFO - 25/04/02 03:24:30 INFO audit: ugi=***	ip=unknown-ip-addr	cmd=get_table : db=default tbl=transformed_data4
[2025-04-02T03:24:30.377+0000] {subprocess.py:106} INFO - 25/04/02 03:24:30 INFO HiveMetaStore: 0: drop_table : db=default tbl=transformed_data4
[2025-04-02T03:24:30.382+0000] {subprocess.py:106} INFO - 25/04/02 03:24:30 INFO audit: ugi=***	ip=unknown-ip-addr	cmd=drop_table : db=default tbl=transformed_data4
[2025-04-02T03:24:30.474+0000] {subprocess.py:106} INFO - Processing table default.transformed_data5 to METADATA.TEST5
[2025-04-02T03:24:30.483+0000] {subprocess.py:106} INFO - 25/04/02 03:24:30 INFO HiveMetaStore: 0: get_database: default
[2025-04-02T03:24:30.487+0000] {subprocess.py:106} INFO - 25/04/02 03:24:30 INFO audit: ugi=***	ip=unknown-ip-addr	cmd=get_database: default
[2025-04-02T03:24:30.490+0000] {subprocess.py:106} INFO - 25/04/02 03:24:30 INFO HiveMetaStore: 0: get_table : db=default tbl=transformed_data5
[2025-04-02T03:24:30.491+0000] {subprocess.py:106} INFO - 25/04/02 03:24:30 INFO audit: ugi=***	ip=unknown-ip-addr	cmd=get_table : db=default tbl=transformed_data5
[2025-04-02T03:24:30.510+0000] {subprocess.py:106} INFO - 25/04/02 03:24:30 INFO HiveMetaStore: 0: get_table : db=default tbl=transformed_data5
[2025-04-02T03:24:30.512+0000] {subprocess.py:106} INFO - 25/04/02 03:24:30 INFO audit: ugi=***	ip=unknown-ip-addr	cmd=get_table : db=default tbl=transformed_data5
[2025-04-02T03:24:30.738+0000] {subprocess.py:106} INFO - 25/04/02 03:24:30 INFO MemoryStore: Block broadcast_8 stored as values in memory (estimated size 200.6 KiB, free 433.7 MiB)
[2025-04-02T03:24:30.754+0000] {subprocess.py:106} INFO - 25/04/02 03:24:30 INFO MemoryStore: Block broadcast_8_piece0 stored as bytes in memory (estimated size 34.6 KiB, free 433.6 MiB)
[2025-04-02T03:24:30.756+0000] {subprocess.py:106} INFO - 25/04/02 03:24:30 INFO BlockManagerInfo: Added broadcast_8_piece0 in memory on 662a32a4f576:43051 (size: 34.6 KiB, free: 434.3 MiB)
[2025-04-02T03:24:30.757+0000] {subprocess.py:106} INFO - 25/04/02 03:24:30 INFO SparkContext: Created broadcast 8 from
[2025-04-02T03:24:30.802+0000] {subprocess.py:106} INFO - 25/04/02 03:24:30 INFO BlockManagerInfo: Removed broadcast_5_piece0 on 662a32a4f576:43051 in memory (size: 13.9 KiB, free: 434.3 MiB)
[2025-04-02T03:24:30.808+0000] {subprocess.py:106} INFO - 25/04/02 03:24:30 INFO FileInputFormat: Total input files to process : 3
[2025-04-02T03:24:30.809+0000] {subprocess.py:106} INFO - 25/04/02 03:24:30 INFO BlockManagerInfo: Removed broadcast_7_piece0 on 662a32a4f576:43051 in memory (size: 13.9 KiB, free: 434.3 MiB)
[2025-04-02T03:24:30.814+0000] {subprocess.py:106} INFO - 25/04/02 03:24:30 INFO BlockManagerInfo: Removed broadcast_6_piece0 on 662a32a4f576:43051 in memory (size: 34.6 KiB, free: 434.3 MiB)
[2025-04-02T03:24:30.820+0000] {subprocess.py:106} INFO - 25/04/02 03:24:30 INFO SparkContext: Starting job: jdbc at NativeMethodAccessorImpl.java:0
[2025-04-02T03:24:30.822+0000] {subprocess.py:106} INFO - 25/04/02 03:24:30 INFO BlockManagerInfo: Removed broadcast_4_piece0 on 662a32a4f576:43051 in memory (size: 34.6 KiB, free: 434.4 MiB)
[2025-04-02T03:24:30.824+0000] {subprocess.py:106} INFO - 25/04/02 03:24:30 INFO DAGScheduler: Got job 4 (jdbc at NativeMethodAccessorImpl.java:0) with 3 output partitions
[2025-04-02T03:24:30.825+0000] {subprocess.py:106} INFO - 25/04/02 03:24:30 INFO DAGScheduler: Final stage: ResultStage 4 (jdbc at NativeMethodAccessorImpl.java:0)
[2025-04-02T03:24:30.827+0000] {subprocess.py:106} INFO - 25/04/02 03:24:30 INFO DAGScheduler: Parents of final stage: List()
[2025-04-02T03:24:30.828+0000] {subprocess.py:106} INFO - 25/04/02 03:24:30 INFO DAGScheduler: Missing parents: List()
[2025-04-02T03:24:30.830+0000] {subprocess.py:106} INFO - 25/04/02 03:24:30 INFO DAGScheduler: Submitting ResultStage 4 (MapPartitionsRDD[34] at jdbc at NativeMethodAccessorImpl.java:0), which has no missing parents
[2025-04-02T03:24:30.834+0000] {subprocess.py:106} INFO - 25/04/02 03:24:30 INFO MemoryStore: Block broadcast_9 stored as values in memory (estimated size 29.4 KiB, free 434.1 MiB)
[2025-04-02T03:24:30.853+0000] {subprocess.py:106} INFO - 25/04/02 03:24:30 INFO MemoryStore: Block broadcast_9_piece0 stored as bytes in memory (estimated size 13.9 KiB, free 434.1 MiB)
[2025-04-02T03:24:30.855+0000] {subprocess.py:106} INFO - 25/04/02 03:24:30 INFO BlockManagerInfo: Added broadcast_9_piece0 in memory on 662a32a4f576:43051 (size: 13.9 KiB, free: 434.4 MiB)
[2025-04-02T03:24:30.862+0000] {subprocess.py:106} INFO - 25/04/02 03:24:30 INFO SparkContext: Created broadcast 9 from broadcast at DAGScheduler.scala:1585
[2025-04-02T03:24:30.863+0000] {subprocess.py:106} INFO - 25/04/02 03:24:30 INFO DAGScheduler: Submitting 3 missing tasks from ResultStage 4 (MapPartitionsRDD[34] at jdbc at NativeMethodAccessorImpl.java:0) (first 15 tasks are for partitions Vector(0, 1, 2))
[2025-04-02T03:24:30.866+0000] {subprocess.py:106} INFO - 25/04/02 03:24:30 INFO TaskSchedulerImpl: Adding task set 4.0 with 3 tasks resource profile 0
[2025-04-02T03:24:30.868+0000] {subprocess.py:106} INFO - 25/04/02 03:24:30 INFO TaskSetManager: Starting task 0.0 in stage 4.0 (TID 12) (662a32a4f576, executor driver, partition 0, PROCESS_LOCAL, 9299 bytes)
[2025-04-02T03:24:30.870+0000] {subprocess.py:106} INFO - 25/04/02 03:24:30 INFO TaskSetManager: Starting task 1.0 in stage 4.0 (TID 13) (662a32a4f576, executor driver, partition 1, PROCESS_LOCAL, 9299 bytes)
[2025-04-02T03:24:30.873+0000] {subprocess.py:106} INFO - 25/04/02 03:24:30 INFO TaskSetManager: Starting task 2.0 in stage 4.0 (TID 14) (662a32a4f576, executor driver, partition 2, PROCESS_LOCAL, 9299 bytes)
[2025-04-02T03:24:30.875+0000] {subprocess.py:106} INFO - 25/04/02 03:24:30 INFO Executor: Running task 0.0 in stage 4.0 (TID 12)
[2025-04-02T03:24:30.878+0000] {subprocess.py:106} INFO - 25/04/02 03:24:30 INFO Executor: Running task 2.0 in stage 4.0 (TID 14)
[2025-04-02T03:24:30.883+0000] {subprocess.py:106} INFO - 25/04/02 03:24:30 INFO Executor: Running task 1.0 in stage 4.0 (TID 13)
[2025-04-02T03:24:30.892+0000] {subprocess.py:106} INFO - 25/04/02 03:24:30 INFO HadoopRDD: Input split: file:/dbt/dbt-spark-project/spark-warehouse/transformed_data5/part-00001-1d124ac7-eea5-457b-a815-b1b399fcac1d-c000:0+11
[2025-04-02T03:24:30.893+0000] {subprocess.py:106} INFO - 25/04/02 03:24:30 INFO HadoopRDD: Input split: file:/dbt/dbt-spark-project/spark-warehouse/transformed_data5/part-00002-1d124ac7-eea5-457b-a815-b1b399fcac1d-c000:0+14
[2025-04-02T03:24:30.900+0000] {subprocess.py:106} INFO - 25/04/02 03:24:30 INFO HadoopRDD: Input split: file:/dbt/dbt-spark-project/spark-warehouse/transformed_data5/part-00000-1d124ac7-eea5-457b-a815-b1b399fcac1d-c000:0+10
[2025-04-02T03:24:31.064+0000] {subprocess.py:106} INFO - 25/04/02 03:24:31 WARN JdbcUtils: Requested isolation level 1 is not supported; falling back to default isolation level 2
[2025-04-02T03:24:31.068+0000] {subprocess.py:106} INFO - 25/04/02 03:24:31 WARN JdbcUtils: Requested isolation level 1 is not supported; falling back to default isolation level 2
[2025-04-02T03:24:31.079+0000] {subprocess.py:106} INFO - 25/04/02 03:24:31 WARN JdbcUtils: Requested isolation level 1 is not supported; falling back to default isolation level 2
[2025-04-02T03:24:31.100+0000] {subprocess.py:106} INFO - 25/04/02 03:24:31 INFO Executor: Finished task 2.0 in stage 4.0 (TID 14). 1287 bytes result sent to driver
[2025-04-02T03:24:31.102+0000] {subprocess.py:106} INFO - 25/04/02 03:24:31 INFO TaskSetManager: Finished task 2.0 in stage 4.0 (TID 14) in 232 ms on 662a32a4f576 (executor driver) (1/3)
[2025-04-02T03:24:31.103+0000] {subprocess.py:106} INFO - 25/04/02 03:24:31 INFO Executor: Finished task 1.0 in stage 4.0 (TID 13). 1287 bytes result sent to driver
[2025-04-02T03:24:31.106+0000] {subprocess.py:106} INFO - 25/04/02 03:24:31 INFO TaskSetManager: Finished task 1.0 in stage 4.0 (TID 13) in 236 ms on 662a32a4f576 (executor driver) (2/3)
[2025-04-02T03:24:31.108+0000] {subprocess.py:106} INFO - 25/04/02 03:24:31 INFO Executor: Finished task 0.0 in stage 4.0 (TID 12). 1287 bytes result sent to driver
[2025-04-02T03:24:31.110+0000] {subprocess.py:106} INFO - 25/04/02 03:24:31 INFO TaskSetManager: Finished task 0.0 in stage 4.0 (TID 12) in 243 ms on 662a32a4f576 (executor driver) (3/3)
[2025-04-02T03:24:31.111+0000] {subprocess.py:106} INFO - 25/04/02 03:24:31 INFO TaskSchedulerImpl: Removed TaskSet 4.0, whose tasks have all completed, from pool
[2025-04-02T03:24:31.112+0000] {subprocess.py:106} INFO - 25/04/02 03:24:31 INFO DAGScheduler: ResultStage 4 (jdbc at NativeMethodAccessorImpl.java:0) finished in 0.283 s
[2025-04-02T03:24:31.114+0000] {subprocess.py:106} INFO - 25/04/02 03:24:31 INFO DAGScheduler: Job 4 is finished. Cancelling potential speculative or zombie tasks for this job
[2025-04-02T03:24:31.116+0000] {subprocess.py:106} INFO - 25/04/02 03:24:31 INFO TaskSchedulerImpl: Killing all running tasks in stage 4: Stage finished
[2025-04-02T03:24:31.117+0000] {subprocess.py:106} INFO - 25/04/02 03:24:31 INFO DAGScheduler: Job 4 finished: jdbc at NativeMethodAccessorImpl.java:0, took 0.292561 s
[2025-04-02T03:24:31.220+0000] {subprocess.py:106} INFO - Data successfully written to METADATA.TEST5
[2025-04-02T03:24:31.236+0000] {subprocess.py:106} INFO - 25/04/02 03:24:31 INFO HiveMetaStore: 0: get_database: default
[2025-04-02T03:24:31.238+0000] {subprocess.py:106} INFO - 25/04/02 03:24:31 INFO audit: ugi=***	ip=unknown-ip-addr	cmd=get_database: default
[2025-04-02T03:24:31.241+0000] {subprocess.py:106} INFO - 25/04/02 03:24:31 INFO HiveMetaStore: 0: get_table : db=default tbl=transformed_data5
[2025-04-02T03:24:31.242+0000] {subprocess.py:106} INFO - 25/04/02 03:24:31 INFO audit: ugi=***	ip=unknown-ip-addr	cmd=get_table : db=default tbl=transformed_data5
[2025-04-02T03:24:31.256+0000] {subprocess.py:106} INFO - 25/04/02 03:24:31 INFO HiveMetaStore: 0: get_table : db=default tbl=transformed_data5
[2025-04-02T03:24:31.256+0000] {subprocess.py:106} INFO - 25/04/02 03:24:31 INFO audit: ugi=***	ip=unknown-ip-addr	cmd=get_table : db=default tbl=transformed_data5
[2025-04-02T03:24:31.273+0000] {subprocess.py:106} INFO - 25/04/02 03:24:31 INFO HiveMetaStore: 0: get_database: default
[2025-04-02T03:24:31.274+0000] {subprocess.py:106} INFO - 25/04/02 03:24:31 INFO audit: ugi=***	ip=unknown-ip-addr	cmd=get_database: default
[2025-04-02T03:24:31.276+0000] {subprocess.py:106} INFO - 25/04/02 03:24:31 INFO HiveMetaStore: 0: get_table : db=default tbl=transformed_data5
[2025-04-02T03:24:31.277+0000] {subprocess.py:106} INFO - 25/04/02 03:24:31 INFO audit: ugi=***	ip=unknown-ip-addr	cmd=get_table : db=default tbl=transformed_data5
[2025-04-02T03:24:31.290+0000] {subprocess.py:106} INFO - 25/04/02 03:24:31 INFO HiveMetaStore: 0: get_table : db=default tbl=transformed_data5
[2025-04-02T03:24:31.291+0000] {subprocess.py:106} INFO - 25/04/02 03:24:31 INFO audit: ugi=***	ip=unknown-ip-addr	cmd=get_table : db=default tbl=transformed_data5
[2025-04-02T03:24:31.305+0000] {subprocess.py:106} INFO - 25/04/02 03:24:31 INFO HiveMetaStore: 0: get_database: default
[2025-04-02T03:24:31.306+0000] {subprocess.py:106} INFO - 25/04/02 03:24:31 INFO audit: ugi=***	ip=unknown-ip-addr	cmd=get_database: default
[2025-04-02T03:24:31.308+0000] {subprocess.py:106} INFO - 25/04/02 03:24:31 INFO HiveMetaStore: 0: get_table : db=default tbl=transformed_data5
[2025-04-02T03:24:31.309+0000] {subprocess.py:106} INFO - 25/04/02 03:24:31 INFO audit: ugi=***	ip=unknown-ip-addr	cmd=get_table : db=default tbl=transformed_data5
[2025-04-02T03:24:31.322+0000] {subprocess.py:106} INFO - 25/04/02 03:24:31 INFO HiveMetaStore: 0: get_database: default
[2025-04-02T03:24:31.323+0000] {subprocess.py:106} INFO - 25/04/02 03:24:31 INFO audit: ugi=***	ip=unknown-ip-addr	cmd=get_database: default
[2025-04-02T03:24:31.325+0000] {subprocess.py:106} INFO - 25/04/02 03:24:31 INFO HiveMetaStore: 0: get_table : db=default tbl=transformed_data5
[2025-04-02T03:24:31.326+0000] {subprocess.py:106} INFO - 25/04/02 03:24:31 INFO audit: ugi=***	ip=unknown-ip-addr	cmd=get_table : db=default tbl=transformed_data5
[2025-04-02T03:24:31.338+0000] {subprocess.py:106} INFO - 25/04/02 03:24:31 INFO HiveMetaStore: 0: drop_table : db=default tbl=transformed_data5
[2025-04-02T03:24:31.339+0000] {subprocess.py:106} INFO - 25/04/02 03:24:31 INFO audit: ugi=***	ip=unknown-ip-addr	cmd=drop_table : db=default tbl=transformed_data5
[2025-04-02T03:24:31.393+0000] {subprocess.py:106} INFO - 25/04/02 03:24:31 INFO SparkContext: SparkContext is stopping with exitCode 0.
[2025-04-02T03:24:31.413+0000] {subprocess.py:106} INFO - 25/04/02 03:24:31 INFO SparkUI: Stopped Spark web UI at http://662a32a4f576:4040
[2025-04-02T03:24:31.436+0000] {subprocess.py:106} INFO - 25/04/02 03:24:31 INFO MapOutputTrackerMasterEndpoint: MapOutputTrackerMasterEndpoint stopped!
[2025-04-02T03:24:31.456+0000] {subprocess.py:106} INFO - 25/04/02 03:24:31 INFO MemoryStore: MemoryStore cleared
[2025-04-02T03:24:31.459+0000] {subprocess.py:106} INFO - 25/04/02 03:24:31 INFO BlockManager: BlockManager stopped
[2025-04-02T03:24:31.465+0000] {subprocess.py:106} INFO - 25/04/02 03:24:31 INFO BlockManagerMaster: BlockManagerMaster stopped
[2025-04-02T03:24:31.472+0000] {subprocess.py:106} INFO - 25/04/02 03:24:31 INFO OutputCommitCoordinator$OutputCommitCoordinatorEndpoint: OutputCommitCoordinator stopped!
[2025-04-02T03:24:31.491+0000] {subprocess.py:106} INFO - 25/04/02 03:24:31 INFO SparkContext: Successfully stopped SparkContext
[2025-04-02T03:24:31.759+0000] {subprocess.py:106} INFO - 25/04/02 03:24:31 INFO ShutdownHookManager: Shutdown hook called
[2025-04-02T03:24:31.760+0000] {subprocess.py:106} INFO - 25/04/02 03:24:31 INFO ShutdownHookManager: Deleting directory /tmp/spark-c2a3fe13-54fa-4f3c-8185-8fe0b427ff58
[2025-04-02T03:24:31.767+0000] {subprocess.py:106} INFO - 25/04/02 03:24:31 INFO ShutdownHookManager: Deleting directory /tmp/spark-c2a3fe13-54fa-4f3c-8185-8fe0b427ff58/pyspark-e2af0f3b-f9eb-40ee-9d47-769e6223d915
[2025-04-02T03:24:31.773+0000] {subprocess.py:106} INFO - 25/04/02 03:24:31 INFO ShutdownHookManager: Deleting directory /tmp/spark-a9064a95-d5ed-4e6c-84b0-5d4bab96b68e
[2025-04-02T03:24:31.847+0000] {subprocess.py:110} INFO - Command exited with return code 0
[2025-04-02T03:24:31.901+0000] {taskinstance.py:341} INFO - ::group::Post task execution logs
[2025-04-02T03:24:31.903+0000] {taskinstance.py:353} INFO - Marking task as SUCCESS. dag_id=etl_dbt_spark_oracle, task_id=spark_load_to_oracle, run_id=manual__2025-04-02T03:22:44.838748+00:00, execution_date=20250402T032244, start_date=20250402T032401, end_date=20250402T032431
[2025-04-02T03:24:31.946+0000] {logging_mixin.py:190} INFO - Task instance in success state
[2025-04-02T03:24:31.946+0000] {logging_mixin.py:190} INFO -  Previous state of the Task instance: running
[2025-04-02T03:24:31.947+0000] {logging_mixin.py:190} INFO - Dag name:etl_dbt_spark_oracle queued_at:2025-04-02 03:22:44.982304+00:00
[2025-04-02T03:24:31.948+0000] {logging_mixin.py:190} INFO - Task hostname:662a32a4f576 operator:BashOperator
[2025-04-02T03:24:31.962+0000] {local_task_job_runner.py:266} INFO - Task exited with return code 0
[2025-04-02T03:24:31.984+0000] {taskinstance.py:3901} INFO - 0 downstream tasks scheduled from follow-on schedule check
[2025-04-02T03:24:31.990+0000] {local_task_job_runner.py:245} INFO - ::endgroup::
