[2025-04-06T08:50:14.808+0000] {processor.py:186} INFO - Started process (PID=104) to work on /home/airflow/.local/lib/python3.12/site-packages/airflow/example_dags/example_python_decorator.py
[2025-04-06T08:50:14.810+0000] {processor.py:914} INFO - Processing file /home/airflow/.local/lib/python3.12/site-packages/airflow/example_dags/example_python_decorator.py for tasks to queue
[2025-04-06T08:50:14.819+0000] {logging_mixin.py:190} INFO - [2025-04-06T08:50:14.818+0000] {dagbag.py:588} INFO - Filling up the DagBag from /home/airflow/.local/lib/python3.12/site-packages/airflow/example_dags/example_python_decorator.py
[2025-04-06T08:50:14.861+0000] {processor.py:925} INFO - DAG(s) 'example_python_decorator' retrieved from /home/airflow/.local/lib/python3.12/site-packages/airflow/example_dags/example_python_decorator.py
[2025-04-06T08:50:15.134+0000] {logging_mixin.py:190} INFO - [2025-04-06T08:50:15.133+0000] {dag.py:3239} INFO - Sync 1 DAGs
[2025-04-06T08:50:15.160+0000] {logging_mixin.py:190} INFO - [2025-04-06T08:50:15.160+0000] {dag.py:4180} INFO - Setting next_dagrun for example_python_decorator to None, run_after=None
[2025-04-06T08:50:15.208+0000] {processor.py:208} INFO - Processing /home/airflow/.local/lib/python3.12/site-packages/airflow/example_dags/example_python_decorator.py took 0.414 seconds
[2025-04-06T08:50:46.272+0000] {processor.py:186} INFO - Started process (PID=168) to work on /home/airflow/.local/lib/python3.12/site-packages/airflow/example_dags/example_python_decorator.py
[2025-04-06T08:50:46.274+0000] {processor.py:914} INFO - Processing file /home/airflow/.local/lib/python3.12/site-packages/airflow/example_dags/example_python_decorator.py for tasks to queue
[2025-04-06T08:50:46.278+0000] {logging_mixin.py:190} INFO - [2025-04-06T08:50:46.277+0000] {dagbag.py:588} INFO - Filling up the DagBag from /home/airflow/.local/lib/python3.12/site-packages/airflow/example_dags/example_python_decorator.py
[2025-04-06T08:50:46.306+0000] {processor.py:925} INFO - DAG(s) 'example_python_decorator' retrieved from /home/airflow/.local/lib/python3.12/site-packages/airflow/example_dags/example_python_decorator.py
[2025-04-06T08:50:46.343+0000] {logging_mixin.py:190} INFO - [2025-04-06T08:50:46.342+0000] {dag.py:3239} INFO - Sync 1 DAGs
[2025-04-06T08:50:46.375+0000] {logging_mixin.py:190} INFO - [2025-04-06T08:50:46.375+0000] {dag.py:4180} INFO - Setting next_dagrun for example_python_decorator to None, run_after=None
[2025-04-06T08:50:46.411+0000] {processor.py:208} INFO - Processing /home/airflow/.local/lib/python3.12/site-packages/airflow/example_dags/example_python_decorator.py took 0.149 seconds
[2025-04-06T08:51:17.240+0000] {processor.py:186} INFO - Started process (PID=232) to work on /home/airflow/.local/lib/python3.12/site-packages/airflow/example_dags/example_python_decorator.py
[2025-04-06T08:51:17.242+0000] {processor.py:914} INFO - Processing file /home/airflow/.local/lib/python3.12/site-packages/airflow/example_dags/example_python_decorator.py for tasks to queue
[2025-04-06T08:51:17.245+0000] {logging_mixin.py:190} INFO - [2025-04-06T08:51:17.244+0000] {dagbag.py:588} INFO - Filling up the DagBag from /home/airflow/.local/lib/python3.12/site-packages/airflow/example_dags/example_python_decorator.py
[2025-04-06T08:51:17.266+0000] {processor.py:925} INFO - DAG(s) 'example_python_decorator' retrieved from /home/airflow/.local/lib/python3.12/site-packages/airflow/example_dags/example_python_decorator.py
[2025-04-06T08:51:17.294+0000] {logging_mixin.py:190} INFO - [2025-04-06T08:51:17.294+0000] {dag.py:3239} INFO - Sync 1 DAGs
[2025-04-06T08:51:17.314+0000] {logging_mixin.py:190} INFO - [2025-04-06T08:51:17.314+0000] {dag.py:4180} INFO - Setting next_dagrun for example_python_decorator to None, run_after=None
[2025-04-06T08:51:17.349+0000] {processor.py:208} INFO - Processing /home/airflow/.local/lib/python3.12/site-packages/airflow/example_dags/example_python_decorator.py took 0.116 seconds
