[2025-04-06T08:50:18.691+0000] {processor.py:186} INFO - Started process (PID=111) to work on /home/airflow/.local/lib/python3.12/site-packages/airflow/example_dags/example_branch_operator.py
[2025-04-06T08:50:18.692+0000] {processor.py:914} INFO - Processing file /home/airflow/.local/lib/python3.12/site-packages/airflow/example_dags/example_branch_operator.py for tasks to queue
[2025-04-06T08:50:18.696+0000] {logging_mixin.py:190} INFO - [2025-04-06T08:50:18.696+0000] {dagbag.py:588} INFO - Filling up the DagBag from /home/airflow/.local/lib/python3.12/site-packages/airflow/example_dags/example_branch_operator.py
[2025-04-06T08:50:18.731+0000] {processor.py:925} INFO - DAG(s) 'example_branch_operator' retrieved from /home/airflow/.local/lib/python3.12/site-packages/airflow/example_dags/example_branch_operator.py
[2025-04-06T08:50:18.950+0000] {logging_mixin.py:190} INFO - [2025-04-06T08:50:18.950+0000] {dag.py:3239} INFO - Sync 1 DAGs
[2025-04-06T08:50:19.011+0000] {logging_mixin.py:190} INFO - [2025-04-06T08:50:19.010+0000] {dag.py:4180} INFO - Setting next_dagrun for example_branch_operator to 2025-04-05 00:00:00+00:00, run_after=2025-04-06 00:00:00+00:00
[2025-04-06T08:50:19.059+0000] {processor.py:208} INFO - Processing /home/airflow/.local/lib/python3.12/site-packages/airflow/example_dags/example_branch_operator.py took 0.380 seconds
[2025-04-06T08:50:51.673+0000] {processor.py:186} INFO - Started process (PID=175) to work on /home/airflow/.local/lib/python3.12/site-packages/airflow/example_dags/example_branch_operator.py
[2025-04-06T08:50:51.675+0000] {processor.py:914} INFO - Processing file /home/airflow/.local/lib/python3.12/site-packages/airflow/example_dags/example_branch_operator.py for tasks to queue
[2025-04-06T08:50:51.679+0000] {logging_mixin.py:190} INFO - [2025-04-06T08:50:51.678+0000] {dagbag.py:588} INFO - Filling up the DagBag from /home/airflow/.local/lib/python3.12/site-packages/airflow/example_dags/example_branch_operator.py
[2025-04-06T08:50:51.705+0000] {processor.py:925} INFO - DAG(s) 'example_branch_operator' retrieved from /home/airflow/.local/lib/python3.12/site-packages/airflow/example_dags/example_branch_operator.py
[2025-04-06T08:50:51.758+0000] {logging_mixin.py:190} INFO - [2025-04-06T08:50:51.758+0000] {dag.py:3239} INFO - Sync 1 DAGs
[2025-04-06T08:50:51.807+0000] {logging_mixin.py:190} INFO - [2025-04-06T08:50:51.806+0000] {dag.py:4180} INFO - Setting next_dagrun for example_branch_operator to 2025-04-05 00:00:00+00:00, run_after=2025-04-06 00:00:00+00:00
[2025-04-06T08:50:51.840+0000] {processor.py:208} INFO - Processing /home/airflow/.local/lib/python3.12/site-packages/airflow/example_dags/example_branch_operator.py took 0.178 seconds
[2025-04-06T08:51:22.566+0000] {processor.py:186} INFO - Started process (PID=239) to work on /home/airflow/.local/lib/python3.12/site-packages/airflow/example_dags/example_branch_operator.py
[2025-04-06T08:51:22.567+0000] {processor.py:914} INFO - Processing file /home/airflow/.local/lib/python3.12/site-packages/airflow/example_dags/example_branch_operator.py for tasks to queue
[2025-04-06T08:51:22.571+0000] {logging_mixin.py:190} INFO - [2025-04-06T08:51:22.570+0000] {dagbag.py:588} INFO - Filling up the DagBag from /home/airflow/.local/lib/python3.12/site-packages/airflow/example_dags/example_branch_operator.py
[2025-04-06T08:51:22.606+0000] {processor.py:925} INFO - DAG(s) 'example_branch_operator' retrieved from /home/airflow/.local/lib/python3.12/site-packages/airflow/example_dags/example_branch_operator.py
[2025-04-06T08:51:22.648+0000] {logging_mixin.py:190} INFO - [2025-04-06T08:51:22.647+0000] {dag.py:3239} INFO - Sync 1 DAGs
[2025-04-06T08:51:22.677+0000] {logging_mixin.py:190} INFO - [2025-04-06T08:51:22.676+0000] {dag.py:4180} INFO - Setting next_dagrun for example_branch_operator to 2025-04-05 00:00:00+00:00, run_after=2025-04-06 00:00:00+00:00
[2025-04-06T08:51:22.705+0000] {processor.py:208} INFO - Processing /home/airflow/.local/lib/python3.12/site-packages/airflow/example_dags/example_branch_operator.py took 0.145 seconds
