[2025-04-06T08:50:12.499+0000] {processor.py:186} INFO - Started process (PID=93) to work on /home/airflow/.local/lib/python3.12/site-packages/airflow/example_dags/example_bash_operator.py
[2025-04-06T08:50:12.500+0000] {processor.py:914} INFO - Processing file /home/airflow/.local/lib/python3.12/site-packages/airflow/example_dags/example_bash_operator.py for tasks to queue
[2025-04-06T08:50:12.507+0000] {logging_mixin.py:190} INFO - [2025-04-06T08:50:12.506+0000] {dagbag.py:588} INFO - Filling up the DagBag from /home/airflow/.local/lib/python3.12/site-packages/airflow/example_dags/example_bash_operator.py
[2025-04-06T08:50:12.533+0000] {processor.py:925} INFO - DAG(s) 'example_bash_operator' retrieved from /home/airflow/.local/lib/python3.12/site-packages/airflow/example_dags/example_bash_operator.py
[2025-04-06T08:50:12.586+0000] {logging_mixin.py:190} INFO - [2025-04-06T08:50:12.585+0000] {dag.py:3239} INFO - Sync 1 DAGs
[2025-04-06T08:50:12.642+0000] {logging_mixin.py:190} INFO - [2025-04-06T08:50:12.642+0000] {dag.py:4180} INFO - Setting next_dagrun for example_bash_operator to 2025-04-05 00:00:00+00:00, run_after=2025-04-06 00:00:00+00:00
[2025-04-06T08:50:12.695+0000] {processor.py:208} INFO - Processing /home/airflow/.local/lib/python3.12/site-packages/airflow/example_dags/example_bash_operator.py took 0.205 seconds
[2025-04-06T08:50:43.384+0000] {processor.py:186} INFO - Started process (PID=156) to work on /home/airflow/.local/lib/python3.12/site-packages/airflow/example_dags/example_bash_operator.py
[2025-04-06T08:50:43.385+0000] {processor.py:914} INFO - Processing file /home/airflow/.local/lib/python3.12/site-packages/airflow/example_dags/example_bash_operator.py for tasks to queue
[2025-04-06T08:50:43.388+0000] {logging_mixin.py:190} INFO - [2025-04-06T08:50:43.387+0000] {dagbag.py:588} INFO - Filling up the DagBag from /home/airflow/.local/lib/python3.12/site-packages/airflow/example_dags/example_bash_operator.py
[2025-04-06T08:50:43.405+0000] {processor.py:925} INFO - DAG(s) 'example_bash_operator' retrieved from /home/airflow/.local/lib/python3.12/site-packages/airflow/example_dags/example_bash_operator.py
[2025-04-06T08:50:43.432+0000] {logging_mixin.py:190} INFO - [2025-04-06T08:50:43.432+0000] {dag.py:3239} INFO - Sync 1 DAGs
[2025-04-06T08:50:43.471+0000] {logging_mixin.py:190} INFO - [2025-04-06T08:50:43.470+0000] {dag.py:4180} INFO - Setting next_dagrun for example_bash_operator to 2025-04-05 00:00:00+00:00, run_after=2025-04-06 00:00:00+00:00
[2025-04-06T08:50:43.501+0000] {processor.py:208} INFO - Processing /home/airflow/.local/lib/python3.12/site-packages/airflow/example_dags/example_bash_operator.py took 0.126 seconds
[2025-04-06T08:51:14.116+0000] {processor.py:186} INFO - Started process (PID=220) to work on /home/airflow/.local/lib/python3.12/site-packages/airflow/example_dags/example_bash_operator.py
[2025-04-06T08:51:14.119+0000] {processor.py:914} INFO - Processing file /home/airflow/.local/lib/python3.12/site-packages/airflow/example_dags/example_bash_operator.py for tasks to queue
[2025-04-06T08:51:14.123+0000] {logging_mixin.py:190} INFO - [2025-04-06T08:51:14.122+0000] {dagbag.py:588} INFO - Filling up the DagBag from /home/airflow/.local/lib/python3.12/site-packages/airflow/example_dags/example_bash_operator.py
[2025-04-06T08:51:14.153+0000] {processor.py:925} INFO - DAG(s) 'example_bash_operator' retrieved from /home/airflow/.local/lib/python3.12/site-packages/airflow/example_dags/example_bash_operator.py
[2025-04-06T08:51:14.218+0000] {logging_mixin.py:190} INFO - [2025-04-06T08:51:14.217+0000] {dag.py:3239} INFO - Sync 1 DAGs
[2025-04-06T08:51:14.271+0000] {logging_mixin.py:190} INFO - [2025-04-06T08:51:14.270+0000] {dag.py:4180} INFO - Setting next_dagrun for example_bash_operator to 2025-04-05 00:00:00+00:00, run_after=2025-04-06 00:00:00+00:00
[2025-04-06T08:51:14.317+0000] {processor.py:208} INFO - Processing /home/airflow/.local/lib/python3.12/site-packages/airflow/example_dags/example_bash_operator.py took 0.214 seconds
