[2025-04-06T08:50:13.904+0000] {processor.py:186} INFO - Started process (PID=97) to work on /home/airflow/.local/lib/python3.12/site-packages/airflow/example_dags/example_subdag_operator.py
[2025-04-06T08:50:13.906+0000] {processor.py:914} INFO - Processing file /home/airflow/.local/lib/python3.12/site-packages/airflow/example_dags/example_subdag_operator.py for tasks to queue
[2025-04-06T08:50:13.912+0000] {logging_mixin.py:190} INFO - [2025-04-06T08:50:13.911+0000] {dagbag.py:588} INFO - Filling up the DagBag from /home/airflow/.local/lib/python3.12/site-packages/airflow/example_dags/example_subdag_operator.py
[2025-04-06T08:50:13.982+0000] {processor.py:925} INFO - DAG(s) 'example_subdag_operator.section-1', 'example_subdag_operator.section-2', 'example_subdag_operator' retrieved from /home/airflow/.local/lib/python3.12/site-packages/airflow/example_dags/example_subdag_operator.py
[2025-04-06T08:50:14.022+0000] {logging_mixin.py:190} INFO - [2025-04-06T08:50:14.022+0000] {dag.py:3239} INFO - Sync 3 DAGs
[2025-04-06T08:50:14.056+0000] {logging_mixin.py:190} INFO - [2025-04-06T08:50:14.055+0000] {dag.py:4180} INFO - Setting next_dagrun for example_subdag_operator to 2022-01-01 00:00:00+00:00, run_after=2022-01-01 00:00:00+00:00
[2025-04-06T08:50:14.065+0000] {logging_mixin.py:190} INFO - [2025-04-06T08:50:14.065+0000] {dag.py:4180} INFO - Setting next_dagrun for example_subdag_operator.section-1 to None, run_after=None
[2025-04-06T08:50:14.070+0000] {logging_mixin.py:190} INFO - [2025-04-06T08:50:14.069+0000] {dag.py:4180} INFO - Setting next_dagrun for example_subdag_operator.section-2 to None, run_after=None
[2025-04-06T08:50:14.086+0000] {logging_mixin.py:190} INFO - [2025-04-06T08:50:14.086+0000] {dag.py:3239} INFO - Sync 2 DAGs
[2025-04-06T08:50:14.095+0000] {logging_mixin.py:190} INFO - [2025-04-06T08:50:14.095+0000] {dag.py:4180} INFO - Setting next_dagrun for example_subdag_operator.section-1 to None, run_after=None
[2025-04-06T08:50:14.096+0000] {logging_mixin.py:190} INFO - [2025-04-06T08:50:14.095+0000] {dag.py:4180} INFO - Setting next_dagrun for example_subdag_operator.section-2 to None, run_after=None
[2025-04-06T08:50:14.122+0000] {processor.py:208} INFO - Processing /home/airflow/.local/lib/python3.12/site-packages/airflow/example_dags/example_subdag_operator.py took 0.230 seconds
[2025-04-06T08:50:44.811+0000] {processor.py:186} INFO - Started process (PID=161) to work on /home/airflow/.local/lib/python3.12/site-packages/airflow/example_dags/example_subdag_operator.py
[2025-04-06T08:50:44.812+0000] {processor.py:914} INFO - Processing file /home/airflow/.local/lib/python3.12/site-packages/airflow/example_dags/example_subdag_operator.py for tasks to queue
[2025-04-06T08:50:44.819+0000] {logging_mixin.py:190} INFO - [2025-04-06T08:50:44.819+0000] {dagbag.py:588} INFO - Filling up the DagBag from /home/airflow/.local/lib/python3.12/site-packages/airflow/example_dags/example_subdag_operator.py
[2025-04-06T08:50:44.873+0000] {processor.py:925} INFO - DAG(s) 'example_subdag_operator.section-1', 'example_subdag_operator.section-2', 'example_subdag_operator' retrieved from /home/airflow/.local/lib/python3.12/site-packages/airflow/example_dags/example_subdag_operator.py
[2025-04-06T08:50:44.912+0000] {logging_mixin.py:190} INFO - [2025-04-06T08:50:44.911+0000] {dag.py:3239} INFO - Sync 3 DAGs
[2025-04-06T08:50:44.975+0000] {logging_mixin.py:190} INFO - [2025-04-06T08:50:44.975+0000] {dag.py:4180} INFO - Setting next_dagrun for example_subdag_operator to 2022-01-01 00:00:00+00:00, run_after=2022-01-01 00:00:00+00:00
[2025-04-06T08:50:44.987+0000] {logging_mixin.py:190} INFO - [2025-04-06T08:50:44.986+0000] {dag.py:4180} INFO - Setting next_dagrun for example_subdag_operator.section-1 to None, run_after=None
[2025-04-06T08:50:44.991+0000] {logging_mixin.py:190} INFO - [2025-04-06T08:50:44.991+0000] {dag.py:4180} INFO - Setting next_dagrun for example_subdag_operator.section-2 to None, run_after=None
[2025-04-06T08:50:45.011+0000] {logging_mixin.py:190} INFO - [2025-04-06T08:50:45.011+0000] {dag.py:3239} INFO - Sync 2 DAGs
[2025-04-06T08:50:45.026+0000] {logging_mixin.py:190} INFO - [2025-04-06T08:50:45.026+0000] {dag.py:4180} INFO - Setting next_dagrun for example_subdag_operator.section-1 to None, run_after=None
[2025-04-06T08:50:45.027+0000] {logging_mixin.py:190} INFO - [2025-04-06T08:50:45.027+0000] {dag.py:4180} INFO - Setting next_dagrun for example_subdag_operator.section-2 to None, run_after=None
[2025-04-06T08:50:45.052+0000] {processor.py:208} INFO - Processing /home/airflow/.local/lib/python3.12/site-packages/airflow/example_dags/example_subdag_operator.py took 0.255 seconds
[2025-04-06T08:51:15.486+0000] {processor.py:186} INFO - Started process (PID=224) to work on /home/airflow/.local/lib/python3.12/site-packages/airflow/example_dags/example_subdag_operator.py
[2025-04-06T08:51:15.488+0000] {processor.py:914} INFO - Processing file /home/airflow/.local/lib/python3.12/site-packages/airflow/example_dags/example_subdag_operator.py for tasks to queue
[2025-04-06T08:51:15.491+0000] {logging_mixin.py:190} INFO - [2025-04-06T08:51:15.491+0000] {dagbag.py:588} INFO - Filling up the DagBag from /home/airflow/.local/lib/python3.12/site-packages/airflow/example_dags/example_subdag_operator.py
[2025-04-06T08:51:15.525+0000] {processor.py:925} INFO - DAG(s) 'example_subdag_operator.section-1', 'example_subdag_operator.section-2', 'example_subdag_operator' retrieved from /home/airflow/.local/lib/python3.12/site-packages/airflow/example_dags/example_subdag_operator.py
[2025-04-06T08:51:15.543+0000] {logging_mixin.py:190} INFO - [2025-04-06T08:51:15.542+0000] {dag.py:3239} INFO - Sync 3 DAGs
[2025-04-06T08:51:15.572+0000] {logging_mixin.py:190} INFO - [2025-04-06T08:51:15.572+0000] {dag.py:4180} INFO - Setting next_dagrun for example_subdag_operator to 2022-01-01 00:00:00+00:00, run_after=2022-01-01 00:00:00+00:00
[2025-04-06T08:51:15.577+0000] {logging_mixin.py:190} INFO - [2025-04-06T08:51:15.577+0000] {dag.py:4180} INFO - Setting next_dagrun for example_subdag_operator.section-1 to None, run_after=None
[2025-04-06T08:51:15.579+0000] {logging_mixin.py:190} INFO - [2025-04-06T08:51:15.579+0000] {dag.py:4180} INFO - Setting next_dagrun for example_subdag_operator.section-2 to None, run_after=None
[2025-04-06T08:51:15.588+0000] {logging_mixin.py:190} INFO - [2025-04-06T08:51:15.588+0000] {dag.py:3239} INFO - Sync 2 DAGs
[2025-04-06T08:51:15.595+0000] {logging_mixin.py:190} INFO - [2025-04-06T08:51:15.595+0000] {dag.py:4180} INFO - Setting next_dagrun for example_subdag_operator.section-1 to None, run_after=None
[2025-04-06T08:51:15.596+0000] {logging_mixin.py:190} INFO - [2025-04-06T08:51:15.596+0000] {dag.py:4180} INFO - Setting next_dagrun for example_subdag_operator.section-2 to None, run_after=None
[2025-04-06T08:51:15.613+0000] {processor.py:208} INFO - Processing /home/airflow/.local/lib/python3.12/site-packages/airflow/example_dags/example_subdag_operator.py took 0.136 seconds
