[2025-04-06T08:50:14.398+0000] {processor.py:186} INFO - Started process (PID=101) to work on /home/airflow/.local/lib/python3.12/site-packages/airflow/example_dags/example_branch_python_dop_operator_3.py
[2025-04-06T08:50:14.400+0000] {processor.py:914} INFO - Processing file /home/airflow/.local/lib/python3.12/site-packages/airflow/example_dags/example_branch_python_dop_operator_3.py for tasks to queue
[2025-04-06T08:50:14.404+0000] {logging_mixin.py:190} INFO - [2025-04-06T08:50:14.404+0000] {dagbag.py:588} INFO - Filling up the DagBag from /home/airflow/.local/lib/python3.12/site-packages/airflow/example_dags/example_branch_python_dop_operator_3.py
[2025-04-06T08:50:14.421+0000] {processor.py:925} INFO - DAG(s) 'example_branch_dop_operator_v3' retrieved from /home/airflow/.local/lib/python3.12/site-packages/airflow/example_dags/example_branch_python_dop_operator_3.py
[2025-04-06T08:50:14.458+0000] {logging_mixin.py:190} INFO - [2025-04-06T08:50:14.457+0000] {dag.py:3239} INFO - Sync 1 DAGs
[2025-04-06T08:50:14.514+0000] {logging_mixin.py:190} INFO - [2025-04-06T08:50:14.514+0000] {dag.py:4180} INFO - Setting next_dagrun for example_branch_dop_operator_v3 to 2025-04-06 08:49:00+00:00, run_after=2025-04-06 08:50:00+00:00
[2025-04-06T08:50:14.547+0000] {processor.py:208} INFO - Processing /home/airflow/.local/lib/python3.12/site-packages/airflow/example_dags/example_branch_python_dop_operator_3.py took 0.158 seconds
[2025-04-06T08:50:45.981+0000] {processor.py:186} INFO - Started process (PID=165) to work on /home/airflow/.local/lib/python3.12/site-packages/airflow/example_dags/example_branch_python_dop_operator_3.py
[2025-04-06T08:50:45.982+0000] {processor.py:914} INFO - Processing file /home/airflow/.local/lib/python3.12/site-packages/airflow/example_dags/example_branch_python_dop_operator_3.py for tasks to queue
[2025-04-06T08:50:45.986+0000] {logging_mixin.py:190} INFO - [2025-04-06T08:50:45.985+0000] {dagbag.py:588} INFO - Filling up the DagBag from /home/airflow/.local/lib/python3.12/site-packages/airflow/example_dags/example_branch_python_dop_operator_3.py
[2025-04-06T08:50:45.999+0000] {processor.py:925} INFO - DAG(s) 'example_branch_dop_operator_v3' retrieved from /home/airflow/.local/lib/python3.12/site-packages/airflow/example_dags/example_branch_python_dop_operator_3.py
[2025-04-06T08:50:46.023+0000] {logging_mixin.py:190} INFO - [2025-04-06T08:50:46.022+0000] {dag.py:3239} INFO - Sync 1 DAGs
[2025-04-06T08:50:46.060+0000] {logging_mixin.py:190} INFO - [2025-04-06T08:50:46.060+0000] {dag.py:4180} INFO - Setting next_dagrun for example_branch_dop_operator_v3 to 2025-04-06 08:49:00+00:00, run_after=2025-04-06 08:50:00+00:00
[2025-04-06T08:50:46.090+0000] {processor.py:208} INFO - Processing /home/airflow/.local/lib/python3.12/site-packages/airflow/example_dags/example_branch_python_dop_operator_3.py took 0.115 seconds
[2025-04-06T08:51:16.887+0000] {processor.py:186} INFO - Started process (PID=229) to work on /home/airflow/.local/lib/python3.12/site-packages/airflow/example_dags/example_branch_python_dop_operator_3.py
[2025-04-06T08:51:16.888+0000] {processor.py:914} INFO - Processing file /home/airflow/.local/lib/python3.12/site-packages/airflow/example_dags/example_branch_python_dop_operator_3.py for tasks to queue
[2025-04-06T08:51:16.893+0000] {logging_mixin.py:190} INFO - [2025-04-06T08:51:16.892+0000] {dagbag.py:588} INFO - Filling up the DagBag from /home/airflow/.local/lib/python3.12/site-packages/airflow/example_dags/example_branch_python_dop_operator_3.py
[2025-04-06T08:51:16.905+0000] {processor.py:925} INFO - DAG(s) 'example_branch_dop_operator_v3' retrieved from /home/airflow/.local/lib/python3.12/site-packages/airflow/example_dags/example_branch_python_dop_operator_3.py
[2025-04-06T08:51:16.930+0000] {logging_mixin.py:190} INFO - [2025-04-06T08:51:16.929+0000] {dag.py:3239} INFO - Sync 1 DAGs
[2025-04-06T08:51:16.962+0000] {logging_mixin.py:190} INFO - [2025-04-06T08:51:16.962+0000] {dag.py:4180} INFO - Setting next_dagrun for example_branch_dop_operator_v3 to 2025-04-06 08:50:00+00:00, run_after=2025-04-06 08:51:00+00:00
[2025-04-06T08:51:16.987+0000] {processor.py:208} INFO - Processing /home/airflow/.local/lib/python3.12/site-packages/airflow/example_dags/example_branch_python_dop_operator_3.py took 0.107 seconds
