[2025-04-06T08:50:15.464+0000] {processor.py:186} INFO - Started process (PID=107) to work on /home/airflow/.local/lib/python3.12/site-packages/airflow/example_dags/example_datasets.py
[2025-04-06T08:50:15.466+0000] {processor.py:914} INFO - Processing file /home/airflow/.local/lib/python3.12/site-packages/airflow/example_dags/example_datasets.py for tasks to queue
[2025-04-06T08:50:15.480+0000] {logging_mixin.py:190} INFO - [2025-04-06T08:50:15.479+0000] {dagbag.py:588} INFO - Filling up the DagBag from /home/airflow/.local/lib/python3.12/site-packages/airflow/example_dags/example_datasets.py
[2025-04-06T08:50:17.694+0000] {processor.py:925} INFO - DAG(s) 'consume_1_or_2_with_dataset_expressions', 'conditional_dataset_and_time_based_timetable', 'dataset_produces_1', 'dataset_consumes_1_never_scheduled', 'dataset_consumes_1', 'dataset_consumes_unknown_never_scheduled', 'dataset_consumes_1_and_2', 'dataset_produces_2', 'consume_1_and_2_with_dataset_expressions', 'consume_1_or_both_2_and_3_with_dataset_expressions' retrieved from /home/airflow/.local/lib/python3.12/site-packages/airflow/example_dags/example_datasets.py
[2025-04-06T08:50:17.785+0000] {logging_mixin.py:190} INFO - [2025-04-06T08:50:17.785+0000] {dag.py:3239} INFO - Sync 10 DAGs
[2025-04-06T08:50:17.847+0000] {logging_mixin.py:190} INFO - [2025-04-06T08:50:17.847+0000] {dag.py:4180} INFO - Setting next_dagrun for conditional_dataset_and_time_based_timetable to 2025-04-02 01:00:00+00:00, run_after=2025-04-02 01:00:00+00:00
[2025-04-06T08:50:17.859+0000] {logging_mixin.py:190} INFO - [2025-04-06T08:50:17.858+0000] {dag.py:4180} INFO - Setting next_dagrun for consume_1_and_2_with_dataset_expressions to None, run_after=None
[2025-04-06T08:50:17.863+0000] {logging_mixin.py:190} INFO - [2025-04-06T08:50:17.863+0000] {dag.py:4180} INFO - Setting next_dagrun for consume_1_or_2_with_dataset_expressions to None, run_after=None
[2025-04-06T08:50:17.866+0000] {logging_mixin.py:190} INFO - [2025-04-06T08:50:17.866+0000] {dag.py:4180} INFO - Setting next_dagrun for consume_1_or_both_2_and_3_with_dataset_expressions to None, run_after=None
[2025-04-06T08:50:17.870+0000] {logging_mixin.py:190} INFO - [2025-04-06T08:50:17.869+0000] {dag.py:4180} INFO - Setting next_dagrun for dataset_consumes_1 to None, run_after=None
[2025-04-06T08:50:17.874+0000] {logging_mixin.py:190} INFO - [2025-04-06T08:50:17.874+0000] {dag.py:4180} INFO - Setting next_dagrun for dataset_consumes_1_and_2 to None, run_after=None
[2025-04-06T08:50:17.877+0000] {logging_mixin.py:190} INFO - [2025-04-06T08:50:17.876+0000] {dag.py:4180} INFO - Setting next_dagrun for dataset_consumes_1_never_scheduled to None, run_after=None
[2025-04-06T08:50:17.879+0000] {logging_mixin.py:190} INFO - [2025-04-06T08:50:17.879+0000] {dag.py:4180} INFO - Setting next_dagrun for dataset_consumes_unknown_never_scheduled to None, run_after=None
[2025-04-06T08:50:17.883+0000] {logging_mixin.py:190} INFO - [2025-04-06T08:50:17.883+0000] {dag.py:4180} INFO - Setting next_dagrun for dataset_produces_1 to 2025-04-05 00:00:00+00:00, run_after=2025-04-06 00:00:00+00:00
[2025-04-06T08:50:17.887+0000] {logging_mixin.py:190} INFO - [2025-04-06T08:50:17.886+0000] {dag.py:4180} INFO - Setting next_dagrun for dataset_produces_2 to None, run_after=None
[2025-04-06T08:50:18.123+0000] {processor.py:208} INFO - Processing /home/airflow/.local/lib/python3.12/site-packages/airflow/example_dags/example_datasets.py took 2.672 seconds
[2025-04-06T08:50:48.470+0000] {processor.py:186} INFO - Started process (PID=171) to work on /home/airflow/.local/lib/python3.12/site-packages/airflow/example_dags/example_datasets.py
[2025-04-06T08:50:48.471+0000] {processor.py:914} INFO - Processing file /home/airflow/.local/lib/python3.12/site-packages/airflow/example_dags/example_datasets.py for tasks to queue
[2025-04-06T08:50:48.475+0000] {logging_mixin.py:190} INFO - [2025-04-06T08:50:48.475+0000] {dagbag.py:588} INFO - Filling up the DagBag from /home/airflow/.local/lib/python3.12/site-packages/airflow/example_dags/example_datasets.py
[2025-04-06T08:50:50.036+0000] {processor.py:925} INFO - DAG(s) 'dataset_consumes_1', 'dataset_consumes_1_and_2', 'dataset_consumes_unknown_never_scheduled', 'conditional_dataset_and_time_based_timetable', 'consume_1_or_2_with_dataset_expressions', 'dataset_produces_1', 'dataset_produces_2', 'consume_1_or_both_2_and_3_with_dataset_expressions', 'dataset_consumes_1_never_scheduled', 'consume_1_and_2_with_dataset_expressions' retrieved from /home/airflow/.local/lib/python3.12/site-packages/airflow/example_dags/example_datasets.py
[2025-04-06T08:50:50.153+0000] {logging_mixin.py:190} INFO - [2025-04-06T08:50:50.153+0000] {dag.py:3239} INFO - Sync 10 DAGs
[2025-04-06T08:50:50.183+0000] {logging_mixin.py:190} INFO - [2025-04-06T08:50:50.183+0000] {dag.py:4180} INFO - Setting next_dagrun for conditional_dataset_and_time_based_timetable to 2025-04-02 01:00:00+00:00, run_after=2025-04-02 01:00:00+00:00
[2025-04-06T08:50:50.187+0000] {logging_mixin.py:190} INFO - [2025-04-06T08:50:50.187+0000] {dag.py:4180} INFO - Setting next_dagrun for consume_1_and_2_with_dataset_expressions to None, run_after=None
[2025-04-06T08:50:50.188+0000] {logging_mixin.py:190} INFO - [2025-04-06T08:50:50.188+0000] {dag.py:4180} INFO - Setting next_dagrun for consume_1_or_2_with_dataset_expressions to None, run_after=None
[2025-04-06T08:50:50.190+0000] {logging_mixin.py:190} INFO - [2025-04-06T08:50:50.189+0000] {dag.py:4180} INFO - Setting next_dagrun for consume_1_or_both_2_and_3_with_dataset_expressions to None, run_after=None
[2025-04-06T08:50:50.191+0000] {logging_mixin.py:190} INFO - [2025-04-06T08:50:50.191+0000] {dag.py:4180} INFO - Setting next_dagrun for dataset_consumes_1 to None, run_after=None
[2025-04-06T08:50:50.193+0000] {logging_mixin.py:190} INFO - [2025-04-06T08:50:50.193+0000] {dag.py:4180} INFO - Setting next_dagrun for dataset_consumes_1_and_2 to None, run_after=None
[2025-04-06T08:50:50.195+0000] {logging_mixin.py:190} INFO - [2025-04-06T08:50:50.194+0000] {dag.py:4180} INFO - Setting next_dagrun for dataset_consumes_1_never_scheduled to None, run_after=None
[2025-04-06T08:50:50.196+0000] {logging_mixin.py:190} INFO - [2025-04-06T08:50:50.196+0000] {dag.py:4180} INFO - Setting next_dagrun for dataset_consumes_unknown_never_scheduled to None, run_after=None
[2025-04-06T08:50:50.199+0000] {logging_mixin.py:190} INFO - [2025-04-06T08:50:50.199+0000] {dag.py:4180} INFO - Setting next_dagrun for dataset_produces_1 to 2025-04-05 00:00:00+00:00, run_after=2025-04-06 00:00:00+00:00
[2025-04-06T08:50:50.201+0000] {logging_mixin.py:190} INFO - [2025-04-06T08:50:50.200+0000] {dag.py:4180} INFO - Setting next_dagrun for dataset_produces_2 to None, run_after=None
[2025-04-06T08:50:51.289+0000] {processor.py:208} INFO - Processing /home/airflow/.local/lib/python3.12/site-packages/airflow/example_dags/example_datasets.py took 2.833 seconds
[2025-04-06T08:51:21.586+0000] {processor.py:186} INFO - Started process (PID=235) to work on /home/airflow/.local/lib/python3.12/site-packages/airflow/example_dags/example_datasets.py
[2025-04-06T08:51:21.587+0000] {processor.py:914} INFO - Processing file /home/airflow/.local/lib/python3.12/site-packages/airflow/example_dags/example_datasets.py for tasks to queue
[2025-04-06T08:51:21.590+0000] {logging_mixin.py:190} INFO - [2025-04-06T08:51:21.590+0000] {dagbag.py:588} INFO - Filling up the DagBag from /home/airflow/.local/lib/python3.12/site-packages/airflow/example_dags/example_datasets.py
[2025-04-06T08:51:22.224+0000] {processor.py:925} INFO - DAG(s) 'consume_1_or_both_2_and_3_with_dataset_expressions', 'dataset_consumes_1', 'dataset_consumes_1_and_2', 'consume_1_and_2_with_dataset_expressions', 'conditional_dataset_and_time_based_timetable', 'dataset_produces_1', 'dataset_consumes_unknown_never_scheduled', 'dataset_consumes_1_never_scheduled', 'dataset_produces_2', 'consume_1_or_2_with_dataset_expressions' retrieved from /home/airflow/.local/lib/python3.12/site-packages/airflow/example_dags/example_datasets.py
[2025-04-06T08:51:22.284+0000] {logging_mixin.py:190} INFO - [2025-04-06T08:51:22.284+0000] {dag.py:3239} INFO - Sync 10 DAGs
[2025-04-06T08:51:22.316+0000] {logging_mixin.py:190} INFO - [2025-04-06T08:51:22.316+0000] {dag.py:4180} INFO - Setting next_dagrun for conditional_dataset_and_time_based_timetable to 2025-04-02 01:00:00+00:00, run_after=2025-04-02 01:00:00+00:00
[2025-04-06T08:51:22.321+0000] {logging_mixin.py:190} INFO - [2025-04-06T08:51:22.321+0000] {dag.py:4180} INFO - Setting next_dagrun for consume_1_and_2_with_dataset_expressions to None, run_after=None
[2025-04-06T08:51:22.325+0000] {logging_mixin.py:190} INFO - [2025-04-06T08:51:22.325+0000] {dag.py:4180} INFO - Setting next_dagrun for consume_1_or_2_with_dataset_expressions to None, run_after=None
[2025-04-06T08:51:22.327+0000] {logging_mixin.py:190} INFO - [2025-04-06T08:51:22.327+0000] {dag.py:4180} INFO - Setting next_dagrun for consume_1_or_both_2_and_3_with_dataset_expressions to None, run_after=None
[2025-04-06T08:51:22.329+0000] {logging_mixin.py:190} INFO - [2025-04-06T08:51:22.329+0000] {dag.py:4180} INFO - Setting next_dagrun for dataset_consumes_1 to None, run_after=None
[2025-04-06T08:51:22.331+0000] {logging_mixin.py:190} INFO - [2025-04-06T08:51:22.331+0000] {dag.py:4180} INFO - Setting next_dagrun for dataset_consumes_1_and_2 to None, run_after=None
[2025-04-06T08:51:22.333+0000] {logging_mixin.py:190} INFO - [2025-04-06T08:51:22.333+0000] {dag.py:4180} INFO - Setting next_dagrun for dataset_consumes_1_never_scheduled to None, run_after=None
[2025-04-06T08:51:22.336+0000] {logging_mixin.py:190} INFO - [2025-04-06T08:51:22.335+0000] {dag.py:4180} INFO - Setting next_dagrun for dataset_consumes_unknown_never_scheduled to None, run_after=None
[2025-04-06T08:51:22.339+0000] {logging_mixin.py:190} INFO - [2025-04-06T08:51:22.339+0000] {dag.py:4180} INFO - Setting next_dagrun for dataset_produces_1 to 2025-04-05 00:00:00+00:00, run_after=2025-04-06 00:00:00+00:00
[2025-04-06T08:51:22.341+0000] {logging_mixin.py:190} INFO - [2025-04-06T08:51:22.341+0000] {dag.py:4180} INFO - Setting next_dagrun for dataset_produces_2 to None, run_after=None
[2025-04-06T08:51:22.391+0000] {processor.py:208} INFO - Processing /home/airflow/.local/lib/python3.12/site-packages/airflow/example_dags/example_datasets.py took 0.813 seconds
