[2025-04-06T08:50:10.446+0000] {processor.py:186} INFO - Started process (PID=85) to work on /home/airflow/.local/lib/python3.12/site-packages/airflow/example_dags/example_dag_decorator.py
[2025-04-06T08:50:10.447+0000] {processor.py:914} INFO - Processing file /home/airflow/.local/lib/python3.12/site-packages/airflow/example_dags/example_dag_decorator.py for tasks to queue
[2025-04-06T08:50:10.452+0000] {logging_mixin.py:190} INFO - [2025-04-06T08:50:10.451+0000] {dagbag.py:588} INFO - Filling up the DagBag from /home/airflow/.local/lib/python3.12/site-packages/airflow/example_dags/example_dag_decorator.py
[2025-04-06T08:50:10.874+0000] {processor.py:925} INFO - DAG(s) 'example_dag_decorator' retrieved from /home/airflow/.local/lib/python3.12/site-packages/airflow/example_dags/example_dag_decorator.py
[2025-04-06T08:50:11.132+0000] {logging_mixin.py:190} INFO - [2025-04-06T08:50:11.131+0000] {dag.py:3239} INFO - Sync 1 DAGs
[2025-04-06T08:50:11.166+0000] {logging_mixin.py:190} INFO - [2025-04-06T08:50:11.165+0000] {dag.py:4180} INFO - Setting next_dagrun for example_dag_decorator to None, run_after=None
[2025-04-06T08:50:11.230+0000] {processor.py:208} INFO - Processing /home/airflow/.local/lib/python3.12/site-packages/airflow/example_dags/example_dag_decorator.py took 0.796 seconds
[2025-04-06T08:50:41.630+0000] {processor.py:186} INFO - Started process (PID=149) to work on /home/airflow/.local/lib/python3.12/site-packages/airflow/example_dags/example_dag_decorator.py
[2025-04-06T08:50:41.631+0000] {processor.py:914} INFO - Processing file /home/airflow/.local/lib/python3.12/site-packages/airflow/example_dags/example_dag_decorator.py for tasks to queue
[2025-04-06T08:50:41.635+0000] {logging_mixin.py:190} INFO - [2025-04-06T08:50:41.635+0000] {dagbag.py:588} INFO - Filling up the DagBag from /home/airflow/.local/lib/python3.12/site-packages/airflow/example_dags/example_dag_decorator.py
[2025-04-06T08:50:41.797+0000] {processor.py:925} INFO - DAG(s) 'example_dag_decorator' retrieved from /home/airflow/.local/lib/python3.12/site-packages/airflow/example_dags/example_dag_decorator.py
[2025-04-06T08:50:41.955+0000] {logging_mixin.py:190} INFO - [2025-04-06T08:50:41.955+0000] {dag.py:3239} INFO - Sync 1 DAGs
[2025-04-06T08:50:41.980+0000] {logging_mixin.py:190} INFO - [2025-04-06T08:50:41.979+0000] {dag.py:4180} INFO - Setting next_dagrun for example_dag_decorator to None, run_after=None
[2025-04-06T08:50:42.017+0000] {processor.py:208} INFO - Processing /home/airflow/.local/lib/python3.12/site-packages/airflow/example_dags/example_dag_decorator.py took 0.395 seconds
[2025-04-06T08:51:12.452+0000] {processor.py:186} INFO - Started process (PID=213) to work on /home/airflow/.local/lib/python3.12/site-packages/airflow/example_dags/example_dag_decorator.py
[2025-04-06T08:51:12.454+0000] {processor.py:914} INFO - Processing file /home/airflow/.local/lib/python3.12/site-packages/airflow/example_dags/example_dag_decorator.py for tasks to queue
[2025-04-06T08:51:12.459+0000] {logging_mixin.py:190} INFO - [2025-04-06T08:51:12.459+0000] {dagbag.py:588} INFO - Filling up the DagBag from /home/airflow/.local/lib/python3.12/site-packages/airflow/example_dags/example_dag_decorator.py
[2025-04-06T08:51:12.630+0000] {processor.py:925} INFO - DAG(s) 'example_dag_decorator' retrieved from /home/airflow/.local/lib/python3.12/site-packages/airflow/example_dags/example_dag_decorator.py
[2025-04-06T08:51:12.783+0000] {logging_mixin.py:190} INFO - [2025-04-06T08:51:12.783+0000] {dag.py:3239} INFO - Sync 1 DAGs
[2025-04-06T08:51:12.798+0000] {logging_mixin.py:190} INFO - [2025-04-06T08:51:12.797+0000] {dag.py:4180} INFO - Setting next_dagrun for example_dag_decorator to None, run_after=None
[2025-04-06T08:51:12.831+0000] {processor.py:208} INFO - Processing /home/airflow/.local/lib/python3.12/site-packages/airflow/example_dags/example_dag_decorator.py took 0.392 seconds
