[2025-04-06T08:50:18.446+0000] {processor.py:186} INFO - Started process (PID=109) to work on /home/airflow/.local/lib/python3.12/site-packages/airflow/example_dags/example_latest_only.py
[2025-04-06T08:50:18.447+0000] {processor.py:914} INFO - Processing file /home/airflow/.local/lib/python3.12/site-packages/airflow/example_dags/example_latest_only.py for tasks to queue
[2025-04-06T08:50:18.453+0000] {logging_mixin.py:190} INFO - [2025-04-06T08:50:18.452+0000] {dagbag.py:588} INFO - Filling up the DagBag from /home/airflow/.local/lib/python3.12/site-packages/airflow/example_dags/example_latest_only.py
[2025-04-06T08:50:18.470+0000] {processor.py:925} INFO - DAG(s) 'latest_only' retrieved from /home/airflow/.local/lib/python3.12/site-packages/airflow/example_dags/example_latest_only.py
[2025-04-06T08:50:18.516+0000] {logging_mixin.py:190} INFO - [2025-04-06T08:50:18.515+0000] {dag.py:3239} INFO - Sync 1 DAGs
[2025-04-06T08:50:18.581+0000] {logging_mixin.py:190} INFO - [2025-04-06T08:50:18.580+0000] {dag.py:4180} INFO - Setting next_dagrun for latest_only to 2025-04-06 04:00:00+00:00, run_after=2025-04-06 08:00:00+00:00
[2025-04-06T08:50:18.638+0000] {processor.py:208} INFO - Processing /home/airflow/.local/lib/python3.12/site-packages/airflow/example_dags/example_latest_only.py took 0.201 seconds
[2025-04-06T08:50:51.511+0000] {processor.py:186} INFO - Started process (PID=173) to work on /home/airflow/.local/lib/python3.12/site-packages/airflow/example_dags/example_latest_only.py
[2025-04-06T08:50:51.512+0000] {processor.py:914} INFO - Processing file /home/airflow/.local/lib/python3.12/site-packages/airflow/example_dags/example_latest_only.py for tasks to queue
[2025-04-06T08:50:51.515+0000] {logging_mixin.py:190} INFO - [2025-04-06T08:50:51.515+0000] {dagbag.py:588} INFO - Filling up the DagBag from /home/airflow/.local/lib/python3.12/site-packages/airflow/example_dags/example_latest_only.py
[2025-04-06T08:50:51.524+0000] {processor.py:925} INFO - DAG(s) 'latest_only' retrieved from /home/airflow/.local/lib/python3.12/site-packages/airflow/example_dags/example_latest_only.py
[2025-04-06T08:50:51.552+0000] {logging_mixin.py:190} INFO - [2025-04-06T08:50:51.551+0000] {dag.py:3239} INFO - Sync 1 DAGs
[2025-04-06T08:50:51.580+0000] {logging_mixin.py:190} INFO - [2025-04-06T08:50:51.580+0000] {dag.py:4180} INFO - Setting next_dagrun for latest_only to 2025-04-06 04:00:00+00:00, run_after=2025-04-06 08:00:00+00:00
[2025-04-06T08:50:51.617+0000] {processor.py:208} INFO - Processing /home/airflow/.local/lib/python3.12/site-packages/airflow/example_dags/example_latest_only.py took 0.113 seconds
[2025-04-06T08:51:22.424+0000] {processor.py:186} INFO - Started process (PID=237) to work on /home/airflow/.local/lib/python3.12/site-packages/airflow/example_dags/example_latest_only.py
[2025-04-06T08:51:22.426+0000] {processor.py:914} INFO - Processing file /home/airflow/.local/lib/python3.12/site-packages/airflow/example_dags/example_latest_only.py for tasks to queue
[2025-04-06T08:51:22.429+0000] {logging_mixin.py:190} INFO - [2025-04-06T08:51:22.429+0000] {dagbag.py:588} INFO - Filling up the DagBag from /home/airflow/.local/lib/python3.12/site-packages/airflow/example_dags/example_latest_only.py
[2025-04-06T08:51:22.437+0000] {processor.py:925} INFO - DAG(s) 'latest_only' retrieved from /home/airflow/.local/lib/python3.12/site-packages/airflow/example_dags/example_latest_only.py
[2025-04-06T08:51:22.465+0000] {logging_mixin.py:190} INFO - [2025-04-06T08:51:22.465+0000] {dag.py:3239} INFO - Sync 1 DAGs
[2025-04-06T08:51:22.500+0000] {logging_mixin.py:190} INFO - [2025-04-06T08:51:22.500+0000] {dag.py:4180} INFO - Setting next_dagrun for latest_only to 2025-04-06 04:00:00+00:00, run_after=2025-04-06 08:00:00+00:00
[2025-04-06T08:51:22.534+0000] {processor.py:208} INFO - Processing /home/airflow/.local/lib/python3.12/site-packages/airflow/example_dags/example_latest_only.py took 0.116 seconds
