[2025-04-06T08:50:14.575+0000] {processor.py:186} INFO - Started process (PID=102) to work on /home/airflow/.local/lib/python3.12/site-packages/airflow/example_dags/example_sensors.py
[2025-04-06T08:50:14.577+0000] {processor.py:914} INFO - Processing file /home/airflow/.local/lib/python3.12/site-packages/airflow/example_dags/example_sensors.py for tasks to queue
[2025-04-06T08:50:14.581+0000] {logging_mixin.py:190} INFO - [2025-04-06T08:50:14.580+0000] {dagbag.py:588} INFO - Filling up the DagBag from /home/airflow/.local/lib/python3.12/site-packages/airflow/example_dags/example_sensors.py
[2025-04-06T08:50:14.607+0000] {processor.py:925} INFO - DAG(s) 'example_sensors' retrieved from /home/airflow/.local/lib/python3.12/site-packages/airflow/example_dags/example_sensors.py
[2025-04-06T08:50:14.671+0000] {logging_mixin.py:190} INFO - [2025-04-06T08:50:14.671+0000] {dag.py:3239} INFO - Sync 1 DAGs
[2025-04-06T08:50:14.703+0000] {logging_mixin.py:190} INFO - [2025-04-06T08:50:14.703+0000] {dag.py:4180} INFO - Setting next_dagrun for example_sensors to None, run_after=None
[2025-04-06T08:50:14.749+0000] {processor.py:208} INFO - Processing /home/airflow/.local/lib/python3.12/site-packages/airflow/example_dags/example_sensors.py took 0.186 seconds
[2025-04-06T08:50:46.125+0000] {processor.py:186} INFO - Started process (PID=166) to work on /home/airflow/.local/lib/python3.12/site-packages/airflow/example_dags/example_sensors.py
[2025-04-06T08:50:46.126+0000] {processor.py:914} INFO - Processing file /home/airflow/.local/lib/python3.12/site-packages/airflow/example_dags/example_sensors.py for tasks to queue
[2025-04-06T08:50:46.130+0000] {logging_mixin.py:190} INFO - [2025-04-06T08:50:46.129+0000] {dagbag.py:588} INFO - Filling up the DagBag from /home/airflow/.local/lib/python3.12/site-packages/airflow/example_dags/example_sensors.py
[2025-04-06T08:50:46.151+0000] {processor.py:925} INFO - DAG(s) 'example_sensors' retrieved from /home/airflow/.local/lib/python3.12/site-packages/airflow/example_dags/example_sensors.py
[2025-04-06T08:50:46.188+0000] {logging_mixin.py:190} INFO - [2025-04-06T08:50:46.188+0000] {dag.py:3239} INFO - Sync 1 DAGs
[2025-04-06T08:50:46.212+0000] {logging_mixin.py:190} INFO - [2025-04-06T08:50:46.212+0000] {dag.py:4180} INFO - Setting next_dagrun for example_sensors to None, run_after=None
[2025-04-06T08:50:46.246+0000] {processor.py:208} INFO - Processing /home/airflow/.local/lib/python3.12/site-packages/airflow/example_dags/example_sensors.py took 0.131 seconds
[2025-04-06T08:51:17.011+0000] {processor.py:186} INFO - Started process (PID=230) to work on /home/airflow/.local/lib/python3.12/site-packages/airflow/example_dags/example_sensors.py
[2025-04-06T08:51:17.012+0000] {processor.py:914} INFO - Processing file /home/airflow/.local/lib/python3.12/site-packages/airflow/example_dags/example_sensors.py for tasks to queue
[2025-04-06T08:51:17.016+0000] {logging_mixin.py:190} INFO - [2025-04-06T08:51:17.015+0000] {dagbag.py:588} INFO - Filling up the DagBag from /home/airflow/.local/lib/python3.12/site-packages/airflow/example_dags/example_sensors.py
[2025-04-06T08:51:17.028+0000] {processor.py:925} INFO - DAG(s) 'example_sensors' retrieved from /home/airflow/.local/lib/python3.12/site-packages/airflow/example_dags/example_sensors.py
[2025-04-06T08:51:17.058+0000] {logging_mixin.py:190} INFO - [2025-04-06T08:51:17.058+0000] {dag.py:3239} INFO - Sync 1 DAGs
[2025-04-06T08:51:17.074+0000] {logging_mixin.py:190} INFO - [2025-04-06T08:51:17.074+0000] {dag.py:4180} INFO - Setting next_dagrun for example_sensors to None, run_after=None
[2025-04-06T08:51:17.100+0000] {processor.py:208} INFO - Processing /home/airflow/.local/lib/python3.12/site-packages/airflow/example_dags/example_sensors.py took 0.095 seconds
