[2025-04-06T08:50:12.327+0000] {processor.py:186} INFO - Started process (PID=92) to work on /home/airflow/.local/lib/python3.12/site-packages/airflow/example_dags/example_external_task_marker_dag.py
[2025-04-06T08:50:12.329+0000] {processor.py:914} INFO - Processing file /home/airflow/.local/lib/python3.12/site-packages/airflow/example_dags/example_external_task_marker_dag.py for tasks to queue
[2025-04-06T08:50:12.332+0000] {logging_mixin.py:190} INFO - [2025-04-06T08:50:12.332+0000] {dagbag.py:588} INFO - Filling up the DagBag from /home/airflow/.local/lib/python3.12/site-packages/airflow/example_dags/example_external_task_marker_dag.py
[2025-04-06T08:50:12.346+0000] {processor.py:925} INFO - DAG(s) 'example_external_task_marker_child', 'example_external_task_marker_parent' retrieved from /home/airflow/.local/lib/python3.12/site-packages/airflow/example_dags/example_external_task_marker_dag.py
[2025-04-06T08:50:12.389+0000] {logging_mixin.py:190} INFO - [2025-04-06T08:50:12.389+0000] {dag.py:3239} INFO - Sync 2 DAGs
[2025-04-06T08:50:12.415+0000] {logging_mixin.py:190} INFO - [2025-04-06T08:50:12.415+0000] {dag.py:4180} INFO - Setting next_dagrun for example_external_task_marker_child to None, run_after=None
[2025-04-06T08:50:12.422+0000] {logging_mixin.py:190} INFO - [2025-04-06T08:50:12.422+0000] {dag.py:4180} INFO - Setting next_dagrun for example_external_task_marker_parent to None, run_after=None
[2025-04-06T08:50:12.457+0000] {processor.py:208} INFO - Processing /home/airflow/.local/lib/python3.12/site-packages/airflow/example_dags/example_external_task_marker_dag.py took 0.139 seconds
[2025-04-06T08:50:43.376+0000] {processor.py:186} INFO - Started process (PID=155) to work on /home/airflow/.local/lib/python3.12/site-packages/airflow/example_dags/example_external_task_marker_dag.py
[2025-04-06T08:50:43.377+0000] {processor.py:914} INFO - Processing file /home/airflow/.local/lib/python3.12/site-packages/airflow/example_dags/example_external_task_marker_dag.py for tasks to queue
[2025-04-06T08:50:43.380+0000] {logging_mixin.py:190} INFO - [2025-04-06T08:50:43.380+0000] {dagbag.py:588} INFO - Filling up the DagBag from /home/airflow/.local/lib/python3.12/site-packages/airflow/example_dags/example_external_task_marker_dag.py
[2025-04-06T08:50:43.392+0000] {processor.py:925} INFO - DAG(s) 'example_external_task_marker_child', 'example_external_task_marker_parent' retrieved from /home/airflow/.local/lib/python3.12/site-packages/airflow/example_dags/example_external_task_marker_dag.py
[2025-04-06T08:50:43.417+0000] {logging_mixin.py:190} INFO - [2025-04-06T08:50:43.417+0000] {dag.py:3239} INFO - Sync 2 DAGs
[2025-04-06T08:50:43.433+0000] {logging_mixin.py:190} INFO - [2025-04-06T08:50:43.433+0000] {dag.py:4180} INFO - Setting next_dagrun for example_external_task_marker_child to None, run_after=None
[2025-04-06T08:50:43.438+0000] {logging_mixin.py:190} INFO - [2025-04-06T08:50:43.438+0000] {dag.py:4180} INFO - Setting next_dagrun for example_external_task_marker_parent to None, run_after=None
[2025-04-06T08:50:43.460+0000] {processor.py:208} INFO - Processing /home/airflow/.local/lib/python3.12/site-packages/airflow/example_dags/example_external_task_marker_dag.py took 0.092 seconds
[2025-04-06T08:51:14.102+0000] {processor.py:186} INFO - Started process (PID=219) to work on /home/airflow/.local/lib/python3.12/site-packages/airflow/example_dags/example_external_task_marker_dag.py
[2025-04-06T08:51:14.107+0000] {processor.py:914} INFO - Processing file /home/airflow/.local/lib/python3.12/site-packages/airflow/example_dags/example_external_task_marker_dag.py for tasks to queue
[2025-04-06T08:51:14.113+0000] {logging_mixin.py:190} INFO - [2025-04-06T08:51:14.112+0000] {dagbag.py:588} INFO - Filling up the DagBag from /home/airflow/.local/lib/python3.12/site-packages/airflow/example_dags/example_external_task_marker_dag.py
[2025-04-06T08:51:14.134+0000] {processor.py:925} INFO - DAG(s) 'example_external_task_marker_child', 'example_external_task_marker_parent' retrieved from /home/airflow/.local/lib/python3.12/site-packages/airflow/example_dags/example_external_task_marker_dag.py
[2025-04-06T08:51:14.183+0000] {logging_mixin.py:190} INFO - [2025-04-06T08:51:14.183+0000] {dag.py:3239} INFO - Sync 2 DAGs
[2025-04-06T08:51:14.223+0000] {logging_mixin.py:190} INFO - [2025-04-06T08:51:14.223+0000] {dag.py:4180} INFO - Setting next_dagrun for example_external_task_marker_child to None, run_after=None
[2025-04-06T08:51:14.231+0000] {logging_mixin.py:190} INFO - [2025-04-06T08:51:14.231+0000] {dag.py:4180} INFO - Setting next_dagrun for example_external_task_marker_parent to None, run_after=None
[2025-04-06T08:51:14.273+0000] {processor.py:208} INFO - Processing /home/airflow/.local/lib/python3.12/site-packages/airflow/example_dags/example_external_task_marker_dag.py took 0.187 seconds
