[2025-04-06T08:50:22.070+0000] {processor.py:186} INFO - Started process (PID=122) to work on /home/airflow/.local/lib/python3.12/site-packages/airflow/example_dags/example_python_operator.py
[2025-04-06T08:50:22.072+0000] {processor.py:914} INFO - Processing file /home/airflow/.local/lib/python3.12/site-packages/airflow/example_dags/example_python_operator.py for tasks to queue
[2025-04-06T08:50:22.076+0000] {logging_mixin.py:190} INFO - [2025-04-06T08:50:22.075+0000] {dagbag.py:588} INFO - Filling up the DagBag from /home/airflow/.local/lib/python3.12/site-packages/airflow/example_dags/example_python_operator.py
[2025-04-06T08:50:22.098+0000] {processor.py:925} INFO - DAG(s) 'example_python_operator' retrieved from /home/airflow/.local/lib/python3.12/site-packages/airflow/example_dags/example_python_operator.py
[2025-04-06T08:50:22.295+0000] {logging_mixin.py:190} INFO - [2025-04-06T08:50:22.295+0000] {dag.py:3239} INFO - Sync 1 DAGs
[2025-04-06T08:50:22.321+0000] {logging_mixin.py:190} INFO - [2025-04-06T08:50:22.320+0000] {dag.py:4180} INFO - Setting next_dagrun for example_python_operator to None, run_after=None
[2025-04-06T08:50:22.360+0000] {processor.py:208} INFO - Processing /home/airflow/.local/lib/python3.12/site-packages/airflow/example_dags/example_python_operator.py took 0.299 seconds
[2025-04-06T08:50:53.871+0000] {processor.py:186} INFO - Started process (PID=186) to work on /home/airflow/.local/lib/python3.12/site-packages/airflow/example_dags/example_python_operator.py
[2025-04-06T08:50:53.872+0000] {processor.py:914} INFO - Processing file /home/airflow/.local/lib/python3.12/site-packages/airflow/example_dags/example_python_operator.py for tasks to queue
[2025-04-06T08:50:53.876+0000] {logging_mixin.py:190} INFO - [2025-04-06T08:50:53.875+0000] {dagbag.py:588} INFO - Filling up the DagBag from /home/airflow/.local/lib/python3.12/site-packages/airflow/example_dags/example_python_operator.py
[2025-04-06T08:50:53.891+0000] {processor.py:925} INFO - DAG(s) 'example_python_operator' retrieved from /home/airflow/.local/lib/python3.12/site-packages/airflow/example_dags/example_python_operator.py
[2025-04-06T08:50:53.954+0000] {logging_mixin.py:190} INFO - [2025-04-06T08:50:53.953+0000] {dag.py:3239} INFO - Sync 1 DAGs
[2025-04-06T08:50:53.979+0000] {logging_mixin.py:190} INFO - [2025-04-06T08:50:53.979+0000] {dag.py:4180} INFO - Setting next_dagrun for example_python_operator to None, run_after=None
[2025-04-06T08:50:54.016+0000] {processor.py:208} INFO - Processing /home/airflow/.local/lib/python3.12/site-packages/airflow/example_dags/example_python_operator.py took 0.152 seconds
[2025-04-06T08:51:25.005+0000] {processor.py:186} INFO - Started process (PID=250) to work on /home/airflow/.local/lib/python3.12/site-packages/airflow/example_dags/example_python_operator.py
[2025-04-06T08:51:25.006+0000] {processor.py:914} INFO - Processing file /home/airflow/.local/lib/python3.12/site-packages/airflow/example_dags/example_python_operator.py for tasks to queue
[2025-04-06T08:51:25.010+0000] {logging_mixin.py:190} INFO - [2025-04-06T08:51:25.009+0000] {dagbag.py:588} INFO - Filling up the DagBag from /home/airflow/.local/lib/python3.12/site-packages/airflow/example_dags/example_python_operator.py
[2025-04-06T08:51:25.027+0000] {processor.py:925} INFO - DAG(s) 'example_python_operator' retrieved from /home/airflow/.local/lib/python3.12/site-packages/airflow/example_dags/example_python_operator.py
[2025-04-06T08:51:25.054+0000] {logging_mixin.py:190} INFO - [2025-04-06T08:51:25.054+0000] {dag.py:3239} INFO - Sync 1 DAGs
[2025-04-06T08:51:25.073+0000] {logging_mixin.py:190} INFO - [2025-04-06T08:51:25.073+0000] {dag.py:4180} INFO - Setting next_dagrun for example_python_operator to None, run_after=None
[2025-04-06T08:51:25.099+0000] {processor.py:208} INFO - Processing /home/airflow/.local/lib/python3.12/site-packages/airflow/example_dags/example_python_operator.py took 0.103 seconds
