[2025-04-06T08:50:19.476+0000] {processor.py:186} INFO - Started process (PID=116) to work on /home/airflow/.local/lib/python3.12/site-packages/airflow/example_dags/tutorial.py
[2025-04-06T08:50:19.478+0000] {processor.py:914} INFO - Processing file /home/airflow/.local/lib/python3.12/site-packages/airflow/example_dags/tutorial.py for tasks to queue
[2025-04-06T08:50:19.484+0000] {logging_mixin.py:190} INFO - [2025-04-06T08:50:19.482+0000] {dagbag.py:588} INFO - Filling up the DagBag from /home/airflow/.local/lib/python3.12/site-packages/airflow/example_dags/tutorial.py
[2025-04-06T08:50:19.499+0000] {processor.py:925} INFO - DAG(s) 'tutorial' retrieved from /home/airflow/.local/lib/python3.12/site-packages/airflow/example_dags/tutorial.py
[2025-04-06T08:50:19.528+0000] {logging_mixin.py:190} INFO - [2025-04-06T08:50:19.527+0000] {dag.py:3239} INFO - Sync 1 DAGs
[2025-04-06T08:50:19.570+0000] {logging_mixin.py:190} INFO - [2025-04-06T08:50:19.570+0000] {dag.py:4180} INFO - Setting next_dagrun for tutorial to 2025-04-05 00:00:00+00:00, run_after=2025-04-06 00:00:00+00:00
[2025-04-06T08:50:19.605+0000] {processor.py:208} INFO - Processing /home/airflow/.local/lib/python3.12/site-packages/airflow/example_dags/tutorial.py took 0.137 seconds
[2025-04-06T08:50:52.142+0000] {processor.py:186} INFO - Started process (PID=180) to work on /home/airflow/.local/lib/python3.12/site-packages/airflow/example_dags/tutorial.py
[2025-04-06T08:50:52.147+0000] {processor.py:914} INFO - Processing file /home/airflow/.local/lib/python3.12/site-packages/airflow/example_dags/tutorial.py for tasks to queue
[2025-04-06T08:50:52.154+0000] {logging_mixin.py:190} INFO - [2025-04-06T08:50:52.153+0000] {dagbag.py:588} INFO - Filling up the DagBag from /home/airflow/.local/lib/python3.12/site-packages/airflow/example_dags/tutorial.py
[2025-04-06T08:50:52.179+0000] {processor.py:925} INFO - DAG(s) 'tutorial' retrieved from /home/airflow/.local/lib/python3.12/site-packages/airflow/example_dags/tutorial.py
[2025-04-06T08:50:52.231+0000] {logging_mixin.py:190} INFO - [2025-04-06T08:50:52.231+0000] {dag.py:3239} INFO - Sync 1 DAGs
[2025-04-06T08:50:52.303+0000] {logging_mixin.py:190} INFO - [2025-04-06T08:50:52.303+0000] {dag.py:4180} INFO - Setting next_dagrun for tutorial to 2025-04-05 00:00:00+00:00, run_after=2025-04-06 00:00:00+00:00
[2025-04-06T08:50:52.374+0000] {processor.py:208} INFO - Processing /home/airflow/.local/lib/python3.12/site-packages/airflow/example_dags/tutorial.py took 0.247 seconds
[2025-04-06T08:51:22.880+0000] {processor.py:186} INFO - Started process (PID=244) to work on /home/airflow/.local/lib/python3.12/site-packages/airflow/example_dags/tutorial.py
[2025-04-06T08:51:22.881+0000] {processor.py:914} INFO - Processing file /home/airflow/.local/lib/python3.12/site-packages/airflow/example_dags/tutorial.py for tasks to queue
[2025-04-06T08:51:22.885+0000] {logging_mixin.py:190} INFO - [2025-04-06T08:51:22.884+0000] {dagbag.py:588} INFO - Filling up the DagBag from /home/airflow/.local/lib/python3.12/site-packages/airflow/example_dags/tutorial.py
[2025-04-06T08:51:22.895+0000] {processor.py:925} INFO - DAG(s) 'tutorial' retrieved from /home/airflow/.local/lib/python3.12/site-packages/airflow/example_dags/tutorial.py
[2025-04-06T08:51:22.921+0000] {logging_mixin.py:190} INFO - [2025-04-06T08:51:22.920+0000] {dag.py:3239} INFO - Sync 1 DAGs
[2025-04-06T08:51:22.953+0000] {logging_mixin.py:190} INFO - [2025-04-06T08:51:22.952+0000] {dag.py:4180} INFO - Setting next_dagrun for tutorial to 2025-04-05 00:00:00+00:00, run_after=2025-04-06 00:00:00+00:00
[2025-04-06T08:51:22.983+0000] {processor.py:208} INFO - Processing /home/airflow/.local/lib/python3.12/site-packages/airflow/example_dags/tutorial.py took 0.110 seconds
