[2025-04-02T03:23:05.522+0000] {local_task_job_runner.py:123} INFO - ::group::Pre task execution logs
[2025-04-02T03:23:05.551+0000] {taskinstance.py:2614} INFO - Dependencies all met for dep_context=non-requeueable deps ti=<TaskInstance: etl_dbt_spark_oracle.dbt_run manual__2025-04-02T03:22:44.838748+00:00 [queued]>
[2025-04-02T03:23:05.566+0000] {taskinstance.py:2614} INFO - Dependencies all met for dep_context=requeueable deps ti=<TaskInstance: etl_dbt_spark_oracle.dbt_run manual__2025-04-02T03:22:44.838748+00:00 [queued]>
[2025-04-02T03:23:05.566+0000] {taskinstance.py:2867} INFO - Starting attempt 1 of 1
[2025-04-02T03:23:05.594+0000] {taskinstance.py:2890} INFO - Executing <Task(BashOperator): dbt_run> on 2025-04-02 03:22:44.838748+00:00
[2025-04-02T03:23:05.604+0000] {warnings.py:112} WARNING - /home/***/.local/lib/python3.12/site-packages/***/task/task_runner/standard_task_runner.py:70: DeprecationWarning: This process (pid=1521) is multi-threaded, use of fork() may lead to deadlocks in the child.
  pid = os.fork()

[2025-04-02T03:23:05.606+0000] {standard_task_runner.py:72} INFO - Started process 1523 to run task
[2025-04-02T03:23:05.608+0000] {standard_task_runner.py:104} INFO - Running: ['***', 'tasks', 'run', 'etl_dbt_spark_oracle', 'dbt_run', 'manual__2025-04-02T03:22:44.838748+00:00', '--job-id', '14', '--raw', '--subdir', 'DAGS_FOLDER/dbt-spark-oracle.py', '--cfg-path', '/tmp/tmpou8apk9y']
[2025-04-02T03:23:05.614+0000] {standard_task_runner.py:105} INFO - Job 14: Subtask dbt_run
[2025-04-02T03:23:06.184+0000] {task_command.py:467} INFO - Running <TaskInstance: etl_dbt_spark_oracle.dbt_run manual__2025-04-02T03:22:44.838748+00:00 [running]> on host 662a32a4f576
[2025-04-02T03:23:06.365+0000] {taskinstance.py:3134} INFO - Exporting env vars: AIRFLOW_CTX_DAG_OWNER='***' AIRFLOW_CTX_DAG_ID='etl_dbt_spark_oracle' AIRFLOW_CTX_TASK_ID='dbt_run' AIRFLOW_CTX_EXECUTION_DATE='2025-04-02T03:22:44.838748+00:00' AIRFLOW_CTX_TRY_NUMBER='1' AIRFLOW_CTX_DAG_RUN_ID='manual__2025-04-02T03:22:44.838748+00:00'
[2025-04-02T03:23:06.367+0000] {logging_mixin.py:190} INFO - Task instance is in running state
[2025-04-02T03:23:06.368+0000] {logging_mixin.py:190} INFO -  Previous state of the Task instance: queued
[2025-04-02T03:23:06.369+0000] {logging_mixin.py:190} INFO - Current task name:dbt_run state:running start_date:2025-04-02 03:23:05.552691+00:00
[2025-04-02T03:23:06.370+0000] {logging_mixin.py:190} INFO - Dag name:etl_dbt_spark_oracle and current dag run status:running
[2025-04-02T03:23:06.371+0000] {taskinstance.py:732} INFO - ::endgroup::
[2025-04-02T03:23:06.381+0000] {subprocess.py:78} INFO - Tmp dir root location: /tmp
[2025-04-02T03:23:06.383+0000] {subprocess.py:88} INFO - Running command: ['/usr/bin/bash', '-c', 'cd /dbt/dbt-spark-project && /opt/spark/sbin/start-thriftserver.sh --master local[*] --hiveconf hive.metastore.warehouse.dir=/opt/spark/spark-warehouse --hiveconf javax.jdo.option.ConnectionURL="jdbc:derby:;databaseName=/opt/spark/metastore_db;create=true" && sleep 10 && dbt run']
[2025-04-02T03:23:06.407+0000] {subprocess.py:99} INFO - Output:
[2025-04-02T03:23:06.470+0000] {subprocess.py:106} INFO - /opt/spark/bin/load-spark-env.sh: line 68: ps: command not found
[2025-04-02T03:23:06.493+0000] {subprocess.py:106} INFO - /opt/spark/sbin/spark-daemon.sh: line 169: ps: command not found
[2025-04-02T03:23:06.518+0000] {subprocess.py:106} INFO - starting org.apache.spark.sql.hive.thriftserver.HiveThriftServer2, logging to /opt/spark/logs/spark--org.apache.spark.sql.hive.thriftserver.HiveThriftServer2-1-662a32a4f576.out
[2025-04-02T03:23:06.542+0000] {subprocess.py:106} INFO - /opt/spark/sbin/spark-daemon.sh: line 143: ps: command not found
[2025-04-02T03:23:07.048+0000] {subprocess.py:106} INFO - /opt/spark/sbin/spark-daemon.sh: line 143: ps: command not found
[2025-04-02T03:23:07.561+0000] {subprocess.py:106} INFO - /opt/spark/sbin/spark-daemon.sh: line 143: ps: command not found
[2025-04-02T03:23:08.080+0000] {subprocess.py:106} INFO - /opt/spark/sbin/spark-daemon.sh: line 143: ps: command not found
[2025-04-02T03:23:08.594+0000] {subprocess.py:106} INFO - /opt/spark/sbin/spark-daemon.sh: line 143: ps: command not found
[2025-04-02T03:23:09.115+0000] {subprocess.py:106} INFO - /opt/spark/sbin/spark-daemon.sh: line 143: ps: command not found
[2025-04-02T03:23:09.641+0000] {subprocess.py:106} INFO - /opt/spark/sbin/spark-daemon.sh: line 143: ps: command not found
[2025-04-02T03:23:10.181+0000] {subprocess.py:106} INFO - /opt/spark/sbin/spark-daemon.sh: line 143: ps: command not found
[2025-04-02T03:23:10.690+0000] {subprocess.py:106} INFO - /opt/spark/sbin/spark-daemon.sh: line 143: ps: command not found
[2025-04-02T03:23:11.213+0000] {subprocess.py:106} INFO - /opt/spark/sbin/spark-daemon.sh: line 143: ps: command not found
[2025-04-02T03:23:16.009+0000] {subprocess.py:106} INFO - /opt/spark/sbin/spark-daemon.sh: line 151: ps: command not found
[2025-04-02T03:23:16.223+0000] {subprocess.py:106} INFO - failed to launch: nice -n 0 bash /opt/spark/bin/spark-submit --class org.apache.spark.sql.hive.thriftserver.HiveThriftServer2 --name Thrift JDBC/ODBC Server --master local[*] --hiveconf hive.metastore.warehouse.dir=/opt/spark/spark-warehouse --hiveconf javax.jdo.option.ConnectionURL=jdbc:derby:;databaseName=/opt/spark/metastore_db;create=true
[2025-04-02T03:23:16.571+0000] {subprocess.py:106} INFO -   25/04/02 03:23:11 INFO ResourceUtils: ==============================================================
[2025-04-02T03:23:16.577+0000] {subprocess.py:106} INFO -   25/04/02 03:23:11 INFO SparkContext: Submitted application: Thrift JDBC/ODBC Server
[2025-04-02T03:23:16.579+0000] {subprocess.py:106} INFO -   25/04/02 03:23:11 INFO ResourceProfile: Default ResourceProfile created, executor resources: Map(cores -> name: cores, amount: 1, script: , vendor: , memory -> name: memory, amount: 1024, script: , vendor: , offHeap -> name: offHeap, amount: 0, script: , vendor: ), task resources: Map(cpus -> name: cpus, amount: 1.0)
[2025-04-02T03:23:16.581+0000] {subprocess.py:106} INFO -   25/04/02 03:23:11 INFO ResourceProfile: Limiting resource is cpu
[2025-04-02T03:23:16.582+0000] {subprocess.py:106} INFO -   25/04/02 03:23:11 INFO ResourceProfileManager: Added ResourceProfile id: 0
[2025-04-02T03:23:16.585+0000] {subprocess.py:106} INFO -   25/04/02 03:23:12 INFO SecurityManager: Changing view acls to: ***
[2025-04-02T03:23:16.586+0000] {subprocess.py:106} INFO -   25/04/02 03:23:12 INFO SecurityManager: Changing modify acls to: ***
[2025-04-02T03:23:16.588+0000] {subprocess.py:106} INFO -   25/04/02 03:23:12 INFO SecurityManager: Changing view acls groups to:
[2025-04-02T03:23:16.590+0000] {subprocess.py:106} INFO -   25/04/02 03:23:12 INFO SecurityManager: Changing modify acls groups to:
[2025-04-02T03:23:16.591+0000] {subprocess.py:106} INFO -   25/04/02 03:23:12 INFO SecurityManager: SecurityManager: authentication disabled; ui acls disabled; users with view permissions: ***; groups with view permissions: EMPTY; users with modify permissions: ***; groups with modify permissions: EMPTY
[2025-04-02T03:23:16.592+0000] {subprocess.py:106} INFO - full log in /opt/spark/logs/spark--org.apache.spark.sql.hive.thriftserver.HiveThriftServer2-1-662a32a4f576.out
[2025-04-02T03:23:32.515+0000] {subprocess.py:106} INFO - [0m03:23:32  Running with dbt=1.9.3
[2025-04-02T03:23:32.574+0000] {subprocess.py:106} INFO - WARNING:thrift.transport.sslcompat:using legacy validation callback
[2025-04-02T03:23:33.082+0000] {subprocess.py:106} INFO - [0m03:23:33  Registered adapter: spark=1.9.2
[2025-04-02T03:23:33.466+0000] {subprocess.py:106} INFO - [0m03:23:33  [[33mWARNING[0m]: Configuration paths exist in your dbt_project.yml file which do not apply to any resources.
[2025-04-02T03:23:33.467+0000] {subprocess.py:106} INFO - There are 1 unused configuration paths:
[2025-04-02T03:23:33.468+0000] {subprocess.py:106} INFO - - models.dbt_spark_project.example
[2025-04-02T03:23:33.663+0000] {subprocess.py:106} INFO - [0m03:23:33  Found 5 models, 1 source, 473 macros
[2025-04-02T03:23:33.667+0000] {subprocess.py:106} INFO - [0m03:23:33
[2025-04-02T03:23:33.668+0000] {subprocess.py:106} INFO - [0m03:23:33  Concurrency: 1 threads (target='dev')
[2025-04-02T03:23:33.670+0000] {subprocess.py:106} INFO - [0m03:23:33
[2025-04-02T03:23:39.920+0000] {subprocess.py:106} INFO - [0m03:23:39  1 of 5 START sql table model default.transformed_data .......................... [RUN]
[2025-04-02T03:23:44.932+0000] {subprocess.py:106} INFO - [0m03:23:44  1 of 5 OK created sql table model default.transformed_data ..................... [[32mOK[0m in 5.01s]
[2025-04-02T03:23:44.938+0000] {subprocess.py:106} INFO - [0m03:23:44  2 of 5 START sql table model default.transformed_data2 ......................... [RUN]
[2025-04-02T03:23:46.127+0000] {subprocess.py:106} INFO - [0m03:23:46  2 of 5 OK created sql table model default.transformed_data2 .................... [[32mOK[0m in 1.19s]
[2025-04-02T03:23:46.131+0000] {subprocess.py:106} INFO - [0m03:23:46  3 of 5 START sql table model default.transformed_data3 ......................... [RUN]
[2025-04-02T03:23:47.185+0000] {subprocess.py:106} INFO - [0m03:23:47  3 of 5 OK created sql table model default.transformed_data3 .................... [[32mOK[0m in 1.05s]
[2025-04-02T03:23:47.190+0000] {subprocess.py:106} INFO - [0m03:23:47  4 of 5 START sql table model default.transformed_data4 ......................... [RUN]
[2025-04-02T03:23:48.449+0000] {subprocess.py:106} INFO - [0m03:23:48  4 of 5 OK created sql table model default.transformed_data4 .................... [[32mOK[0m in 1.26s]
[2025-04-02T03:23:48.454+0000] {subprocess.py:106} INFO - [0m03:23:48  5 of 5 START sql table model default.transformed_data5 ......................... [RUN]
[2025-04-02T03:23:49.500+0000] {subprocess.py:106} INFO - [0m03:23:49  5 of 5 OK created sql table model default.transformed_data5 .................... [[32mOK[0m in 1.04s]
[2025-04-02T03:23:49.619+0000] {subprocess.py:106} INFO - [0m03:23:49
[2025-04-02T03:23:49.621+0000] {subprocess.py:106} INFO - [0m03:23:49  Finished running 5 table models in 0 hours 0 minutes and 15.95 seconds (15.95s).
[2025-04-02T03:23:49.695+0000] {subprocess.py:106} INFO - [0m03:23:49
[2025-04-02T03:23:49.697+0000] {subprocess.py:106} INFO - [0m03:23:49  [32mCompleted successfully[0m
[2025-04-02T03:23:49.698+0000] {subprocess.py:106} INFO - [0m03:23:49
[2025-04-02T03:23:49.699+0000] {subprocess.py:106} INFO - [0m03:23:49  Done. PASS=5 WARN=0 ERROR=0 SKIP=0 TOTAL=5
[2025-04-02T03:23:57.018+0000] {subprocess.py:110} INFO - Command exited with return code 0
[2025-04-02T03:23:57.061+0000] {taskinstance.py:341} INFO - ::group::Post task execution logs
[2025-04-02T03:23:57.062+0000] {taskinstance.py:353} INFO - Marking task as SUCCESS. dag_id=etl_dbt_spark_oracle, task_id=dbt_run, run_id=manual__2025-04-02T03:22:44.838748+00:00, execution_date=20250402T032244, start_date=20250402T032305, end_date=20250402T032357
[2025-04-02T03:23:57.103+0000] {logging_mixin.py:190} INFO - Task instance in success state
[2025-04-02T03:23:57.104+0000] {logging_mixin.py:190} INFO -  Previous state of the Task instance: running
[2025-04-02T03:23:57.105+0000] {logging_mixin.py:190} INFO - Dag name:etl_dbt_spark_oracle queued_at:2025-04-02 03:22:44.982304+00:00
[2025-04-02T03:23:57.105+0000] {logging_mixin.py:190} INFO - Task hostname:662a32a4f576 operator:BashOperator
[2025-04-02T03:23:57.125+0000] {local_task_job_runner.py:266} INFO - Task exited with return code 0
[2025-04-02T03:23:57.158+0000] {taskinstance.py:3901} INFO - 1 downstream tasks scheduled from follow-on schedule check
[2025-04-02T03:23:57.164+0000] {local_task_job_runner.py:245} INFO - ::endgroup::
